Starting File 1 - /Users/hakgu/Projects/svn/ninja-tuxedo-generation-hgu/1_v_files/pbl_cycle_c32_v.v
Loading service 1: blGtExpBil, IN buffer
Loading service 1: blGtExpBil, OUT buffer
Loading service 2: blCanExpBil, IN buffer
Loading service 2: blCanExpBil, OUT buffer
Loading service 3: blGtCycLs, IN buffer
Loading service 3: blGtCycLs, OUT buffer
Loading service 4: blChngCyc, IN buffer
Loading service 4: blChngCyc, OUT buffer
Loading service 5: blGtCycle, IN buffer
Loading service 5: blGtCycle, OUT buffer
Loading service 6: blGtCycPrd, IN buffer
Loading service 6: blGtCycPrd, OUT buffer
Loading service 7: blGtAllCyc, IN buffer
Loading service 7: blGtAllCyc, OUT buffer
Loading service 8: blGtStCyDt, IN buffer
Loading service 8: blGtStCyDt, OUT buffer
Loading service 9: blCycCntLs, IN buffer
Loading service 9: blCycCntLs, OUT buffer
Loading service 10: blGtNxUbCyc, IN buffer
Loading service 10: blGtNxUbCyc, OUT buffer
Starting File 2 - /Users/hakgu/Projects/svn/ninja-tuxedo-generation-hgu/1_v_files/pgn_tree_addact_c32_v.v
Loading service 11: gnCopyHBan, IN buffer
Loading service 11: gnCopyHBan, OUT buffer
Loading service 12: gnGetTreeInfo, IN buffer
Loading service 12: gnGetTreeInfo, OUT buffer
Starting File 3 - /Users/hakgu/Projects/svn/ninja-tuxedo-generation-hgu/1_v_files/pcs_envact_c32_v.v
Loading service 13: csEnvActCtn, IN buffer
Loading service 13: csEnvActCtn, OUT buffer
Loading service 14: csGtProvQue, IN buffer
Loading service 14: csGtProvQue, OUT buffer
Loading service 15: csEnvActCDA, IN buffer
Loading service 15: csEnvActCDA, OUT buffer
Loading service 16: csGtAddIf, IN buffer
Loading service 16: csGtAddIf, OUT buffer
Loading service 17: csUpAddIf, IN buffer
Loading service 17: csUpAddIf, OUT buffer
Loading service 18: csCallFrwd, IN buffer
Loading service 18: csCallFrwd, OUT buffer
Loading service 19: csInsOrd, IN buffer
Loading service 19: csInsOrd, OUT buffer
Loading service 20: csLsOrd, IN buffer
Loading service 20: csLsOrd, OUT buffer
Loading service 21: csLsOrdDtls, IN buffer
Loading service 21: csLsOrdDtls, OUT buffer
Loading service 22: csLsOrdLines, IN buffer
Loading service 22: csLsOrdLines, OUT buffer
Starting File 4 - /Users/hakgu/Projects/svn/ninja-tuxedo-generation-hgu/1_v_files/psec_secur_c32_v.v
Loading service 23: gnLoginback, IN buffer
Loading service 23: gnLoginback, OUT buffer
Loading service 24: gnInsrtLog, IN buffer
Loading service 24: gnInsrtLog, OUT buffer
Loading service 25: gnCrUsrSess, IN buffer
Loading service 25: gnCrUsrSess, OUT buffer
Loading service 26: gnCloseSess, IN buffer
Loading service 26: gnCloseSess, OUT buffer
Loading service 27: gnSndStamp, IN buffer
Loading service 27: gnSndStamp, OUT buffer
Loading service 28: gnLoginChk, IN buffer
Loading service 28: gnLoginChk, OUT buffer
Loading service 29: gnGtAcMode, IN buffer
Loading service 29: gnGtAcMode, OUT buffer
Loading service 30: gnGtPrfInf, IN buffer
Loading service 30: gnGtPrfInf, OUT buffer
Loading service 31: gnGtEncPwd, IN buffer
Loading service 31: gnGtEncPwd, OUT buffer
Loading service 32: gnVerUser, IN buffer
Loading service 32: gnVerUser, OUT buffer
Loading service 33: gnGtApplic, IN buffer
Loading service 33: gnGtApplic, OUT buffer
Loading service 34: gnChgPass, IN buffer
Loading service 34: gnChgPass, OUT buffer
Loading service 35: gnGtLclDb, IN buffer
Loading service 35: gnGtLclDb, OUT buffer
Loading service 36: gnLsUsrPrm, IN buffer
Loading service 36: gnLsUsrPrm, OUT buffer
Loading service 37: gnGtWsn, IN buffer
Loading service 37: gnGtWsn, OUT buffer
Loading service 38: gnLsGrpEnv, IN buffer
Loading service 38: gnLsGrpEnv, OUT buffer
Loading service 39: gnLsGrpMst, IN buffer
Loading service 39: gnLsGrpMst, OUT buffer
Loading service 40: gnGetEnvCd, IN buffer
Loading service 40: gnGetEnvCd, OUT buffer
Loading service 41: gnGtUsrDet, IN buffer
Loading service 41: gnGtUsrDet, OUT buffer
Loading service 42: gnGtLoginPrm, IN buffer
Loading service 42: gnGtLoginPrm, OUT buffer
Loading service 43: gnGtGenSecPrm, IN buffer
Loading service 43: gnGtGenSecPrm, OUT buffer
Loading service 44: gnDupUsrChk, IN buffer
Loading service 44: gnDupUsrChk, OUT buffer
Loading service 45: gnFreeSusp, IN buffer
Loading service 45: gnFreeSusp, OUT buffer
Starting File 5 - /Users/hakgu/Projects/svn/ninja-tuxedo-generation-hgu/1_v_files/par_adj_c32_v.v
Loading service 46: arAdjHisLs, IN buffer
Loading service 46: arAdjHisLs, OUT buffer
Loading service 47: arAdjCrg, IN buffer
Loading service 47: arAdjCrg, OUT buffer
Loading service 48: arAdjBan, IN buffer
Loading service 48: arAdjBan, OUT buffer
Loading service 49: arAdjCalls, IN buffer
Loading service 49: arAdjCalls, OUT buffer
Loading service 50: arBnTxAdj, IN buffer
Loading service 50: arBnTxAdj, OUT buffer
Loading service 51: arCtnTxAdj, IN buffer
Loading service 51: arCtnTxAdj, OUT buffer
Loading service 52: arAdjEnv, IN buffer
Loading service 52: arAdjEnv, OUT buffer
Loading service 53: arDlAdj, IN buffer
Loading service 53: arDlAdj, OUT buffer
Loading service 54: arAdjRvrs, IN buffer
Loading service 54: arAdjRvrs, OUT buffer
Loading service 55: arMultCrd, IN buffer
Loading service 55: arMultCrd, OUT buffer
Loading service 56: arGtDispInfo, IN buffer
Loading service 56: arGtDispInfo, OUT buffer
Loading service 57: arDisputeCre, IN buffer
Loading service 57: arDisputeCre, OUT buffer
Loading service 58: arDisputeRej, IN buffer
Loading service 58: arDisputeRej, OUT buffer
Loading service 59: arImmMnNote, IN buffer
Loading service 59: arImmMnNote, OUT buffer
Loading service 60: arMultCrdRvrs, IN buffer
Loading service 60: arMultCrdRvrs, OUT buffer
Loading service 61: arGtFinAmt, IN buffer
Loading service 61: arGtFinAmt, OUT buffer
Starting File 6 - /Users/hakgu/Projects/svn/ninja-tuxedo-generation-hgu/1_v_files/pgn_hist_c32_v.v
Loading service 62: gnLsEsnHst, IN buffer
Loading service 62: gnLsEsnHst, OUT buffer
Loading service 63: gnLsAgrHst, IN buffer
Loading service 63: gnLsAgrHst, OUT buffer
Loading service 64: gnLsCtnHst, IN buffer
Loading service 64: gnLsCtnHst, OUT buffer
Loading service 65: gnLsCntHst, IN buffer
Loading service 65: gnLsCntHst, OUT buffer
Loading service 66: gnGtPendAmt, IN buffer
Loading service 66: gnGtPendAmt, OUT buffer
Loading service 67: gnLsUsgHist, IN buffer
Loading service 67: gnLsUsgHist, OUT buffer
Loading service 68: gnLsClInv, IN buffer
Loading service 68: gnLsClInv, OUT buffer
Loading service 69: gnLsClInvPay, IN buffer
Loading service 69: gnLsClInvPay, OUT buffer
Loading service 70: gnLsCmpHst, IN buffer
Loading service 70: gnLsCmpHst, OUT buffer
Starting File 7 - /Users/hakgu/Projects/svn/ninja-tuxedo-generation-hgu/1_v_files/pcl_coll_c32_v.v
Loading service 71: clGtColInfo, IN buffer
Loading service 71: clGtColInfo, OUT buffer
Loading service 72: clUWriteOff, IN buffer
Loading service 72: clUWriteOff, OUT buffer
Loading service 73: clUHldAuto, IN buffer
Loading service 73: clUHldAuto, OUT buffer
Loading service 74: clUStpAprv, IN buffer
Loading service 74: clUStpAprv, OUT buffer
Loading service 75: clUAgnAssn, IN buffer
Loading service 75: clUAgnAssn, OUT buffer
Loading service 76: clICrdClss, IN buffer
Loading service 76: clICrdClss, OUT buffer
Loading service 77: clGtColPath, IN buffer
Loading service 77: clGtColPath, OUT buffer
Loading service 78: clGtColHist, IN buffer
Loading service 78: clGtColHist, OUT buffer
Loading service 79: clGtCrdHist, IN buffer
Loading service 79: clGtCrdHist, OUT buffer
Loading service 80: clManInt, IN buffer
Loading service 80: clManInt, OUT buffer
Starting File 8 - /Users/hakgu/Projects/svn/ninja-tuxedo-generation-hgu/1_v_files/pgn_hbilling_c32_v.v
Loading service 81: gnNodeAct, IN buffer
Loading service 81: gnNodeAct, OUT buffer
Loading service 82: gnGtTree, IN buffer
Loading service 82: gnGtTree, OUT buffer
Loading service 83: gnChgUtc, IN buffer
Loading service 83: gnChgUtc, OUT buffer
Loading service 84: gnLsUtcDsc, IN buffer
Loading service 84: gnLsUtcDsc, OUT buffer
Loading service 85: gnGtUtcDsc, IN buffer
Loading service 85: gnGtUtcDsc, OUT buffer
Loading service 86: gnChgDisc, IN buffer
Loading service 86: gnChgDisc, OUT buffer
Loading service 87: gnGtTreeBasic, IN buffer
Loading service 87: gnGtTreeBasic, OUT buffer
Loading service 88: gnUpSelfUtc, IN buffer
Loading service 88: gnUpSelfUtc, OUT buffer
Loading service 89: gnGbSelfUtc, IN buffer
Loading service 89: gnGbSelfUtc, OUT buffer
Starting File 9 - /Users/hakgu/Projects/svn/ninja-tuxedo-generation-hgu/1_v_files/par_banact_c32_v.v
Loading service 90: arCnclBan, IN buffer
Loading service 90: arCnclBan, OUT buffer
Loading service 91: arSuspBan, IN buffer
Loading service 91: arSuspBan, OUT buffer
Loading service 92: arRsSusBan, IN buffer
Loading service 92: arRsSusBan, OUT buffer
Loading service 93: arCloseBan, IN buffer
Loading service 93: arCloseBan, OUT buffer
Starting File 10 - /Users/hakgu/Projects/svn/ninja-tuxedo-generation-hgu/1_v_files/pbl_blim_c32_v.v
Loading service 94: blBiBuild, IN buffer
Loading service 94: blBiBuild, OUT buffer
Loading service 95: blGtBiPage, IN buffer
Loading service 95: blGtBiPage, OUT buffer
Loading service 96: blGtBiBlk, IN buffer
Loading service 96: blGtBiBlk, OUT buffer
Loading service 97: blRprntReq, IN buffer
Loading service 97: blRprntReq, OUT buffer
Loading service 98: blBilHis, IN buffer
Loading service 98: blBilHis, OUT buffer
Loading service 99: blGtBiPdfData, IN buffer
Loading service 99: blGtBiPdfData, OUT buffer
Starting File 11 - /Users/hakgu/Projects/svn/ninja-tuxedo-generation-hgu/1_v_files/pcs_ctnact_c32_v.v
Loading service 100: csCrCtn, IN buffer
Loading service 100: csCrCtn, OUT buffer
Loading service 101: csActvCtn, IN buffer
Loading service 101: csActvCtn, OUT buffer
Loading service 102: csCnclCtn, IN buffer
Loading service 102: csCnclCtn, OUT buffer
Loading service 103: csSuspCtn, IN buffer
Loading service 103: csSuspCtn, OUT buffer
Loading service 104: csRsSusCtn, IN buffer
Loading service 104: csRsSusCtn, OUT buffer
Loading service 105: csRsMulSusCtn, IN buffer
Loading service 105: csRsMulSusCtn, OUT buffer
Loading service 106: csActvMlCtn, IN buffer
Loading service 106: csActvMlCtn, OUT buffer
Loading service 107: csRsvMlCtn, IN buffer
Loading service 107: csRsvMlCtn, OUT buffer
Loading service 108: csCrPrePaid, IN buffer
Loading service 108: csCrPrePaid, OUT buffer
Loading service 109: csCrIspPswd, IN buffer
Loading service 109: csCrIspPswd, OUT buffer
Loading service 110: csActvLoan, IN buffer
Loading service 110: csActvLoan, OUT buffer
Starting File 12 - /Users/hakgu/Projects/svn/ninja-tuxedo-generation-hgu/1_v_files/pmm_followup_c32_v.v
Loading service 111: mmLsBanFu, IN buffer
Loading service 111: mmLsBanFu, OUT buffer
Loading service 112: mmLsWpFu, IN buffer
Loading service 112: mmLsWpFu, OUT buffer
Loading service 113: mmFuHand, IN buffer
Loading service 113: mmFuHand, OUT buffer
Loading service 114: mmOpenFu, IN buffer
Loading service 114: mmOpenFu, OUT buffer
Loading service 115: mmClosFu, IN buffer
Loading service 115: mmClosFu, OUT buffer
Loading service 116: mmByPsFu, IN buffer
Loading service 116: mmByPsFu, OUT buffer
Loading service 117: mmChAsFu, IN buffer
Loading service 117: mmChAsFu, OUT buffer
Loading service 118: mmChDuFu, IN buffer
Loading service 118: mmChDuFu, OUT buffer
Loading service 119: mmLsFnWp, IN buffer
Loading service 119: mmLsFnWp, OUT buffer
Loading service 120: mmLsSuWp, IN buffer
Loading service 120: mmLsSuWp, OUT buffer
Loading service 121: mmLsMnFu, IN buffer
Loading service 121: mmLsMnFu, OUT buffer
Loading service 122: mmGtFuCnt, IN buffer
Loading service 122: mmGtFuCnt, OUT buffer
Loading service 123: mmLsOrgTr, IN buffer
Loading service 123: mmLsOrgTr, OUT buffer
Loading service 124: mmGtFollup, IN buffer
Loading service 124: mmGtFollup, OUT buffer
Loading service 125: mmGtFuInd, IN buffer
Loading service 125: mmGtFuInd, OUT buffer
Starting File 13 - /Users/hakgu/Projects/svn/ninja-tuxedo-generation-hgu/1_v_files/pcl_inv_coll_c32_v.v
Loading service 126: clGtMultCol, IN buffer
Loading service 126: clGtMultCol, OUT buffer
Loading service 127: clGbInvCol, IN buffer
Loading service 127: clGbInvCol, OUT buffer
Loading service 128: clManActv, IN buffer
Loading service 128: clManActv, OUT buffer
Loading service 129: clUHldAutoTr, IN buffer
Loading service 129: clUHldAutoTr, OUT buffer
Loading service 130: clUIStpAprv, IN buffer
Loading service 130: clUIStpAprv, OUT buffer
Loading service 131: clUIAgnAssn, IN buffer
Loading service 131: clUIAgnAssn, OUT buffer
Starting File 14 - /Users/hakgu/Projects/svn/ninja-tuxedo-generation-hgu/1_v_files/pmm_memo_c32_v.v
Loading service 132: mmGtMemo, IN buffer
Loading service 132: mmGtMemo, OUT buffer
Loading service 133: mmMemoLs, IN buffer
Loading service 133: mmMemoLs, OUT buffer
Loading service 134: mmInMemo, IN buffer
Loading service 134: mmInMemo, OUT buffer
Loading service 135: mmUpMemo, IN buffer
Loading service 135: mmUpMemo, OUT buffer
Loading service 136: mmGtLsMemo, IN buffer
Loading service 136: mmGtLsMemo, OUT buffer
Loading service 137: mmMemoFuLs, IN buffer
Loading service 137: mmMemoFuLs, OUT buffer
Loading service 138: mmCrLtr, IN buffer
Loading service 138: mmCrLtr, OUT buffer
Loading service 139: mmCrLtrMemo, IN buffer
Loading service 139: mmCrLtrMemo, OUT buffer
Loading service 140: mmUpLtrReq, IN buffer
Loading service 140: mmUpLtrReq, OUT buffer
Loading service 141: mmLsLtrReq, IN buffer
Loading service 141: mmLsLtrReq, OUT buffer
Loading service 142: mmLsSrchHis, IN buffer
Loading service 142: mmLsSrchHis, OUT buffer
Loading service 143: mmSvSrchHis, IN buffer
Loading service 143: mmSvSrchHis, OUT buffer
Starting File 15 - /Users/hakgu/Projects/svn/ninja-tuxedo-generation-hgu/1_v_files/pcs_srchspcl_c32_v.v
Loading service 144: csSrchPym, IN buffer
Loading service 144: csSrchPym, OUT buffer
Loading service 145: csSrchAdNm, IN buffer
Loading service 145: csSrchAdNm, OUT buffer
Loading service 146: csSrchNmPrm, IN buffer
Loading service 146: csSrchNmPrm, OUT buffer
Loading service 147: csSrchMidNam, IN buffer
Loading service 147: csSrchMidNam, OUT buffer
Starting File 16 - /Users/hakgu/Projects/svn/ninja-tuxedo-generation-hgu/1_v_files/pgn_ws_c32_v.v
Loading service 148: gnGtWsSet, IN buffer
Loading service 148: gnGtWsSet, OUT buffer
Loading service 149: gnSvWsSet, IN buffer
Loading service 149: gnSvWsSet, OUT buffer
Loading service 150: gnUpWsIpAd, IN buffer
Loading service 150: gnUpWsIpAd, OUT buffer
Loading service 151: gnLsWsPrnt, IN buffer
Loading service 151: gnLsWsPrnt, OUT buffer
Loading service 152: gnSvWsPrnt, IN buffer
Loading service 152: gnSvWsPrnt, OUT buffer
Loading service 153: gnLsWsReg, IN buffer
Loading service 153: gnLsWsReg, OUT buffer
Starting File 17 - /Users/hakgu/Projects/svn/ninja-tuxedo-generation-hgu/1_v_files/pbl_usage_c32_v.v
Loading service 154: blUnbilMs, IN buffer
Loading service 154: blUnbilMs, OUT buffer
Loading service 155: blBilCtnMs, IN buffer
Loading service 155: blBilCtnMs, OUT buffer
Loading service 156: blGtMsgDtl, IN buffer
Loading service 156: blGtMsgDtl, OUT buffer
Loading service 157: blDlUnbCal, IN buffer
Loading service 157: blDlUnbCal, OUT buffer
Loading service 158: blGtBlimMs, IN buffer
Loading service 158: blGtBlimMs, OUT buffer
Loading service 159: blAcUsage, IN buffer
Loading service 159: blAcUsage, OUT buffer
Loading service 160: blBestPp, IN buffer
Loading service 160: blBestPp, OUT buffer
Loading service 161: blBstPpAvg, IN buffer
Loading service 161: blBstPpAvg, OUT buffer
Loading service 162: blGetRefill, IN buffer
Loading service 162: blGetRefill, OUT buffer
Loading service 163: blGetImUsage, IN buffer
Loading service 163: blGetImUsage, OUT buffer
Loading service 164: blGtContoInfo, IN buffer
Loading service 164: blGtContoInfo, OUT buffer
Loading service 165: blGtConto, IN buffer
Loading service 165: blGtConto, OUT buffer
Loading service 166: blGetFMSum, IN buffer
Loading service 166: blGetFMSum, OUT buffer
Loading service 167: blLsUnpaidUsg, IN buffer
Loading service 167: blLsUnpaidUsg, OUT buffer
Starting File 18 - /Users/hakgu/Projects/svn/ninja-tuxedo-generation-hgu/1_v_files/par_pym_c32_v.v
Loading service 168: arBanPym, IN buffer
Loading service 168: arBanPym, OUT buffer
Loading service 169: arPymBck, IN buffer
Loading service 169: arPymBck, OUT buffer
Loading service 170: arPymFndTr, IN buffer
Loading service 170: arPymFndTr, OUT buffer
Loading service 171: arInvcLs, IN buffer
Loading service 171: arInvcLs, OUT buffer
Loading service 172: arPymActLs, IN buffer
Loading service 172: arPymActLs, OUT buffer
Loading service 173: arLsDepo, IN buffer
Loading service 173: arLsDepo, OUT buffer
Loading service 174: arCrDepo, IN buffer
Loading service 174: arCrDepo, OUT buffer
Loading service 175: arClDpIntr, IN buffer
Loading service 175: arClDpIntr, OUT buffer
Loading service 176: arDepoRet, IN buffer
Loading service 176: arDepoRet, OUT buffer
Loading service 177: arSpltDepo, IN buffer
Loading service 177: arSpltDepo, OUT buffer
Loading service 178: arCrMPym, IN buffer
Loading service 178: arCrMPym, OUT buffer
Loading service 179: arCrMemPym, IN buffer
Loading service 179: arCrMemPym, OUT buffer
Loading service 180: arCnclDep, IN buffer
Loading service 180: arCnclDep, OUT buffer
Loading service 181: arSvPmAdNm, IN buffer
Loading service 181: arSvPmAdNm, OUT buffer
Loading service 182: arPymInvLs, IN buffer
Loading service 182: arPymInvLs, OUT buffer
Loading service 183: arGtDepInf, IN buffer
Loading service 183: arGtDepInf, OUT buffer
Loading service 184: arUpDepo, IN buffer
Loading service 184: arUpDepo, OUT buffer
Loading service 185: arGtPymByVch, IN buffer
Loading service 185: arGtPymByVch, OUT buffer
Loading service 186: arInvPymList, IN buffer
Loading service 186: arInvPymList, OUT buffer
Starting File 19 - /Users/hakgu/Projects/svn/ninja-tuxedo-generation-hgu/1_v_files/pnm_im_gn_c32_v.v
Loading service 187: pnmImLoad, IN buffer
Loading service 187: pnmImLoad, OUT buffer
Loading service 188: pnmImAuto, IN buffer
Loading service 188: pnmImAuto, OUT buffer
Loading service 189: pnmImPrev, IN buffer
Loading service 189: pnmImPrev, OUT buffer
Loading service 190: pnmImUpd, IN buffer
Loading service 190: pnmImUpd, OUT buffer
Loading service 191: pnmImHist, IN buffer
Loading service 191: pnmImHist, OUT buffer
Loading service 192: pnmImUnLd, IN buffer
Loading service 192: pnmImUnLd, OUT buffer
Loading service 193: pnmImTrsnl, IN buffer
Loading service 193: pnmImTrsnl, OUT buffer
Loading service 194: pnmImAoage, IN buffer
Loading service 194: pnmImAoage, OUT buffer
Loading service 195: pnmImPoage, IN buffer
Loading service 195: pnmImPoage, OUT buffer
Loading service 196: pnmImUoage, IN buffer
Loading service 196: pnmImUoage, OUT buffer
Loading service 197: nmCrNgpNl, IN buffer
Loading service 197: nmCrNgpNl, OUT buffer
Loading service 198: nmUpNgpNl, IN buffer
Loading service 198: nmUpNgpNl, OUT buffer
Loading service 199: nmDlNgpNl, IN buffer
Loading service 199: nmDlNgpNl, OUT buffer
Loading service 200: nmNgpNlLs, IN buffer
Loading service 200: nmNgpNlLs, OUT buffer
Loading service 201: pnmLsNicRl, IN buffer
Loading service 201: pnmLsNicRl, OUT buffer
Loading service 202: pnmHdNicRl, IN buffer
Loading service 202: pnmHdNicRl, OUT buffer
Loading service 203: pnmRsvRlsCtn, IN buffer
Loading service 203: pnmRsvRlsCtn, OUT buffer
Starting File 20 - /Users/hakgu/Projects/svn/ninja-tuxedo-generation-hgu/1_v_files/pcs_multi_activities_c32_v.v
Loading service 204: csMoveMlCtn, IN buffer
Loading service 204: csMoveMlCtn, OUT buffer
Starting File 21 - /Users/hakgu/Projects/svn/ninja-tuxedo-generation-hgu/1_v_files/par_pymarr_c32_v.v
Loading service 205: arGtCurPA, IN buffer
Loading service 205: arGtCurPA, OUT buffer
Loading service 206: arSvPymArng, IN buffer
Loading service 206: arSvPymArng, OUT buffer
Loading service 207: arLsPymArng, IN buffer
Loading service 207: arLsPymArng, OUT buffer
Loading service 208: arCrStReq, IN buffer
Loading service 208: arCrStReq, OUT buffer
Loading service 209: arLsStReq, IN buffer
Loading service 209: arLsStReq, OUT buffer
Loading service 210: arDlStReq, IN buffer
Loading service 210: arDlStReq, OUT buffer
Loading service 211: arISvPymArng, IN buffer
Loading service 211: arISvPymArng, OUT buffer
Loading service 212: arIGtCurPA, IN buffer
Loading service 212: arIGtCurPA, OUT buffer
Loading service 213: arIforPA, IN buffer
Loading service 213: arIforPA, OUT buffer
Loading service 214: arIprtPaCntr, IN buffer
Loading service 214: arIprtPaCntr, OUT buffer
Loading service 215: arIProducePA, IN buffer
Loading service 215: arIProducePA, OUT buffer
Starting File 22 - /Users/hakgu/Projects/svn/ninja-tuxedo-generation-hgu/1_v_files/pcs_ivr_c32_v.v
Loading service 216: csGtIvrBan, IN buffer
Loading service 216: csGtIvrBan, OUT buffer
Loading service 217: csCrIvrFup, IN buffer
Loading service 217: csCrIvrFup, OUT buffer
Loading service 218: csGtIvrUsg, IN buffer
Loading service 218: csGtIvrUsg, OUT buffer
Loading service 219: csGtIvrInf, IN buffer
Loading service 219: csGtIvrInf, OUT buffer
Starting File 23 - /Users/hakgu/Projects/svn/ninja-tuxedo-generation-hgu/1_v_files/pbl_bil_c32_v.v
Loading service 220: blBillLs, IN buffer
Loading service 220: blBillLs, OUT buffer
Loading service 221: blBlCnDtLs, IN buffer
Loading service 221: blBlCnDtLs, OUT buffer
Loading service 222: blBilCrgLs, IN buffer
Loading service 222: blBilCrgLs, OUT buffer
Loading service 223: blBlBanTax, IN buffer
Loading service 223: blBlBanTax, OUT buffer
Loading service 224: blBlCtnTax, IN buffer
Loading service 224: blBlCtnTax, OUT buffer
Loading service 225: blBlChgTax, IN buffer
Loading service 225: blBlChgTax, OUT buffer
Loading service 226: blGtBlimCg, IN buffer
Loading service 226: blGtBlimCg, OUT buffer
Loading service 227: blChkCtn, IN buffer
Loading service 227: blChkCtn, OUT buffer
Loading service 228: blLsPndCrg, IN buffer
Loading service 228: blLsPndCrg, OUT buffer
Loading service 229: blLsPndCrd, IN buffer
Loading service 229: blLsPndCrd, OUT buffer
Loading service 230: blCnCrdCrg, IN buffer
Loading service 230: blCnCrdCrg, OUT buffer
Loading service 231: blGtPrntrLs, IN buffer
Loading service 231: blGtPrntrLs, OUT buffer
Loading service 232: blGtBillDet, IN buffer
Loading service 232: blGtBillDet, OUT buffer
Loading service 233: blLsSubSum, IN buffer
Loading service 233: blLsSubSum, OUT buffer
Loading service 234: blLsDiscSum, IN buffer
Loading service 234: blLsDiscSum, OUT buffer
Loading service 235: blLsDiscSbs, IN buffer
Loading service 235: blLsDiscSbs, OUT buffer
Loading service 236: blLsChgRvn, IN buffer
Loading service 236: blLsChgRvn, OUT buffer
Loading service 237: blLsBillList, IN buffer
Loading service 237: blLsBillList, OUT buffer
Loading service 238: blLsBillProd, IN buffer
Loading service 238: blLsBillProd, OUT buffer
Loading service 239: blLsRcvUtc, IN buffer
Loading service 239: blLsRcvUtc, OUT buffer
Loading service 240: blLsTrnsUtc, IN buffer
Loading service 240: blLsTrnsUtc, OUT buffer
Loading service 241: blLsSbsUtc, IN buffer
Loading service 241: blLsSbsUtc, OUT buffer
Loading service 242: blLsUsagePerf, IN buffer
Loading service 242: blLsUsagePerf, OUT buffer
Loading service 243: blLsCallsDet, IN buffer
Loading service 243: blLsCallsDet, OUT buffer
Loading service 244: blGtChgCrd, IN buffer
Loading service 244: blGtChgCrd, OUT buffer
Loading service 245: blGtChgCrdAll, IN buffer
Loading service 245: blGtChgCrdAll, OUT buffer
Loading service 246: blLsIMNonBndl, IN buffer
Loading service 246: blLsIMNonBndl, OUT buffer
Loading service 247: blLsIMBndl, IN buffer
Loading service 247: blLsIMBndl, OUT buffer
Loading service 248: blLsUBInfo, IN buffer
Loading service 248: blLsUBInfo, OUT buffer
Loading service 249: blLsUBChg, IN buffer
Loading service 249: blLsUBChg, OUT buffer
Loading service 250: blLsSocLoan, IN buffer
Loading service 250: blLsSocLoan, OUT buffer
Loading service 251: blGtBilledChg, IN buffer
Loading service 251: blGtBilledChg, OUT buffer
Loading service 252: blGtCrDbNote, IN buffer
Loading service 252: blGtCrDbNote, OUT buffer
Loading service 253: blGetMoveDate, IN buffer
Loading service 253: blGetMoveDate, OUT buffer
Loading service 254: blCrBodReq, IN buffer
Loading service 254: blCrBodReq, OUT buffer
Loading service 255: blDlBodReq, IN buffer
Loading service 255: blDlBodReq, OUT buffer
Loading service 256: blLstBodReq, IN buffer
Loading service 256: blLstBodReq, OUT buffer
Loading service 257: blLsMnNtReq, IN buffer
Loading service 257: blLsMnNtReq, OUT buffer
Loading service 258: blCrNoteLs, IN buffer
Loading service 258: blCrNoteLs, OUT buffer
Loading service 259: blGtUbAmt, IN buffer
Loading service 259: blGtUbAmt, OUT buffer
Loading service 260: blGtIToKp, IN buffer
Loading service 260: blGtIToKp, OUT buffer
Loading service 261: blSvIKpRls, IN buffer
Loading service 261: blSvIKpRls, OUT buffer
Loading service 262: blGtLtStlLoan, IN buffer
Loading service 262: blGtLtStlLoan, OUT buffer
Loading service 263: blRvrsLoanStl, IN buffer
Loading service 263: blRvrsLoanStl, OUT buffer
Starting File 24 - /Users/hakgu/Projects/svn/ninja-tuxedo-generation-hgu/1_v_files/pcs_prepaid_c32_v.v
Loading service 264: csCrCrdAmt, IN buffer
Loading service 264: csCrCrdAmt, OUT buffer
Loading service 265: csUpNamAdr, IN buffer
Loading service 265: csUpNamAdr, OUT buffer
Loading service 266: csCrRflAmt, IN buffer
Loading service 266: csCrRflAmt, OUT buffer
Starting File 25 - /Users/hakgu/Projects/svn/ninja-tuxedo-generation-hgu/1_v_files/pic_inventory_c32_v.v
Loading service 267: icLsSit, IN buffer
Loading service 267: icLsSit, OUT buffer
Loading service 268: icGtSit, IN buffer
Loading service 268: icGtSit, OUT buffer
Loading service 269: icLsSitHis, IN buffer
Loading service 269: icLsSitHis, OUT buffer
Loading service 270: icLsPoolQt, IN buffer
Loading service 270: icLsPoolQt, OUT buffer
Loading service 271: icGtEsnSts, IN buffer
Loading service 271: icGtEsnSts, OUT buffer
Loading service 272: icLsPack, IN buffer
Loading service 272: icLsPack, OUT buffer
Loading service 273: icPairing, IN buffer
Loading service 273: icPairing, OUT buffer
Loading service 274: icChkReceipt, IN buffer
Loading service 274: icChkReceipt, OUT buffer
Loading service 275: icPreActv, IN buffer
Loading service 275: icPreActv, OUT buffer
Loading service 276: icLsHlrQt, IN buffer
Loading service 276: icLsHlrQt, OUT buffer
Loading service 277: icDeActv, IN buffer
Loading service 277: icDeActv, OUT buffer
Loading service 278: icUpToSusp, IN buffer
Loading service 278: icUpToSusp, OUT buffer
Loading service 279: icInvPurOrd, IN buffer
Loading service 279: icInvPurOrd, OUT buffer
Loading service 280: icPostRcpt, IN buffer
Loading service 280: icPostRcpt, OUT buffer
Loading service 281: icFreeCtn, IN buffer
Loading service 281: icFreeCtn, OUT buffer
Loading service 282: icSndAucPo, IN buffer
Loading service 282: icSndAucPo, OUT buffer
Loading service 283: icGtAucPoSts, IN buffer
Loading service 283: icGtAucPoSts, OUT buffer
Loading service 284: icAdjustIn, IN buffer
Loading service 284: icAdjustIn, OUT buffer
Loading service 285: icAdjustInEn, IN buffer
Loading service 285: icAdjustInEn, OUT buffer
Loading service 286: icObsSIM, IN buffer
Loading service 286: icObsSIM, OUT buffer
Starting File 26 - /Users/hakgu/Projects/svn/ninja-tuxedo-generation-hgu/1_v_files/pgn_test_c32_v.v
Loading service 287: gnLsTest, IN buffer
Loading service 287: gnLsTest, OUT buffer
Loading service 288: gnGtTest, IN buffer
Loading service 288: gnGtTest, OUT buffer
Loading service 289: gnUpTest, IN buffer
Loading service 289: gnUpTest, OUT buffer
Loading service 290: gnLsDcTest, IN buffer
Loading service 290: gnLsDcTest, OUT buffer
Loading service 291: gnGtDcTest, IN buffer
Loading service 291: gnGtDcTest, OUT buffer
Loading service 292: gnUpDcTest, IN buffer
Loading service 292: gnUpDcTest, OUT buffer
Loading service 293: gnLsStTest, IN buffer
Loading service 293: gnLsStTest, OUT buffer
Loading service 294: gnGtStTest, IN buffer
Loading service 294: gnGtStTest, OUT buffer
Loading service 295: gnUpStTest, IN buffer
Loading service 295: gnUpStTest, OUT buffer
Starting File 27 - /Users/hakgu/Projects/svn/ninja-tuxedo-generation-hgu/1_v_files/pcs_pp_c32_v.v
Loading service 296: csGtOcAmt, IN buffer
Loading service 296: csGtOcAmt, OUT buffer
Loading service 297: csLsPpSocs, IN buffer
Loading service 297: csLsPpSocs, OUT buffer
Loading service 298: csLsSocs, IN buffer
Loading service 298: csLsSocs, OUT buffer
Loading service 299: csLsOpSocs, IN buffer
Loading service 299: csLsOpSocs, OUT buffer
Loading service 300: csLsPrSocs, IN buffer
Loading service 300: csLsPrSocs, OUT buffer
Loading service 301: csLsSocRlt, IN buffer
Loading service 301: csLsSocRlt, OUT buffer
Loading service 302: csSocFtrRl, IN buffer
Loading service 302: csSocFtrRl, OUT buffer
Loading service 303: csGtOcSocAmt, IN buffer
Loading service 303: csGtOcSocAmt, OUT buffer
Loading service 304: csGtSplTlFtr, IN buffer
Loading service 304: csGtSplTlFtr, OUT buffer
Loading service 305: csCtnNPPen, IN buffer
Loading service 305: csCtnNPPen, OUT buffer
Starting File 28 - /Users/hakgu/Projects/svn/ninja-tuxedo-generation-hgu/1_v_files/pgn_utils_c32_v.v
Loading service 306: gnGtOraUsr, IN buffer
Loading service 306: gnGtOraUsr, OUT buffer
Loading service 307: gnGtLgclDt, IN buffer
Loading service 307: gnGtLgclDt, OUT buffer
Loading service 308: gnGetNl, IN buffer
Loading service 308: gnGetNl, OUT buffer
Loading service 309: gnGtSystDt, IN buffer
Loading service 309: gnGtSystDt, OUT buffer
Loading service 310: gnBroadCst, IN buffer
Loading service 310: gnBroadCst, OUT buffer
Loading service 311: gnCrUsrSes, IN buffer
Loading service 311: gnCrUsrSes, OUT buffer
Loading service 312: gnSvUsrAct, IN buffer
Loading service 312: gnSvUsrAct, OUT buffer
Loading service 313: gnGtUnixVer, IN buffer
Loading service 313: gnGtUnixVer, OUT buffer
Starting File 29 - /Users/hakgu/Projects/svn/ninja-tuxedo-generation-hgu/1_v_files/par_charge_c32_v.v
Loading service 314: arCrCrg, IN buffer
Loading service 314: arCrCrg, OUT buffer
Loading service 315: arGtOcInfo, IN buffer
Loading service 315: arGtOcInfo, OUT buffer
Loading service 316: arGtManOc, IN buffer
Loading service 316: arGtManOc, OUT buffer
Loading service 317: arDlCrg, IN buffer
Loading service 317: arDlCrg, OUT buffer
Starting File 30 - /Users/hakgu/Projects/svn/ninja-tuxedo-generation-hgu/1_v_files/par_banagr_c32_v.v
Loading service 318: arSvBanSvc, IN buffer
Loading service 318: arSvBanSvc, OUT buffer
Loading service 319: arLsBanAgr, IN buffer
Loading service 319: arLsBanAgr, OUT buffer
Loading service 320: arLsBanFtr, IN buffer
Loading service 320: arLsBanFtr, OUT buffer
Loading service 321: arLsDefAgr, IN buffer
Loading service 321: arLsDefAgr, OUT buffer
Loading service 322: arLsDefFtr, IN buffer
Loading service 322: arLsDefFtr, OUT buffer
Loading service 323: arGtFutPP, IN buffer
Loading service 323: arGtFutPP, OUT buffer
Loading service 324: arRmBanSrv, IN buffer
Loading service 324: arRmBanSrv, OUT buffer
Loading service 325: arChkFnfSoc, IN buffer
Loading service 325: arChkFnfSoc, OUT buffer
Loading service 326: arMoveBanLn, IN buffer
Loading service 326: arMoveBanLn, OUT buffer
Starting File 31 - /Users/hakgu/Projects/svn/ninja-tuxedo-generation-hgu/1_v_files/par_ban_c32_v.v
Loading service 327: arInCstBan, IN buffer
Loading service 327: arInCstBan, OUT buffer
Loading service 328: arGtBan, IN buffer
Loading service 328: arGtBan, OUT buffer
Loading service 329: arGtCstBan, IN buffer
Loading service 329: arGtCstBan, OUT buffer
Loading service 330: arUpBan, IN buffer
Loading service 330: arUpBan, OUT buffer
Loading service 331: arUpCstBan, IN buffer
Loading service 331: arUpCstBan, OUT buffer
Loading service 332: arBanBal, IN buffer
Loading service 332: arBanBal, OUT buffer
Loading service 333: arRefund, IN buffer
Loading service 333: arRefund, OUT buffer
Loading service 334: arRfndLs, IN buffer
Loading service 334: arRfndLs, OUT buffer
Loading service 335: arBanDtls, IN buffer
Loading service 335: arBanDtls, OUT buffer
Loading service 336: arRefRev, IN buffer
Loading service 336: arRefRev, OUT buffer
Loading service 337: arGtRfnd, IN buffer
Loading service 337: arGtRfnd, OUT buffer
Loading service 338: arLsBilPrm, IN buffer
Loading service 338: arLsBilPrm, OUT buffer
Loading service 339: arSvBilPrm, IN buffer
Loading service 339: arSvBilPrm, OUT buffer
Loading service 340: arOpenBan, IN buffer
Loading service 340: arOpenBan, OUT buffer
Loading service 341: arGtBanFlg, IN buffer
Loading service 341: arGtBanFlg, OUT buffer
Loading service 342: arUpBanFlg, IN buffer
Loading service 342: arUpBanFlg, OUT buffer
Loading service 343: arGtBanAct, IN buffer
Loading service 343: arGtBanAct, OUT buffer
Loading service 344: arGtBanHdr, IN buffer
Loading service 344: arGtBanHdr, OUT buffer
Loading service 345: arGtCtnBan, IN buffer
Loading service 345: arGtCtnBan, OUT buffer
Loading service 346: arLsBlckLst, IN buffer
Loading service 346: arLsBlckLst, OUT buffer
Loading service 347: arLsDelinq, IN buffer
Loading service 347: arLsDelinq, OUT buffer
Loading service 348: arLsRfnBySts, IN buffer
Loading service 348: arLsRfnBySts, OUT buffer
Loading service 349: arRfnStsChng, IN buffer
Loading service 349: arRfnStsChng, OUT buffer
Loading service 350: arRfnADeAsgn, IN buffer
Loading service 350: arRfnADeAsgn, OUT buffer
Loading service 351: arValAccTp, IN buffer
Loading service 351: arValAccTp, OUT buffer
Starting File 32 - /Users/hakgu/Projects/svn/ninja-tuxedo-generation-hgu/1_v_files/pcs_bg_cdg_c32_v.v
Loading service 352: csBgMnt, IN buffer
Loading service 352: csBgMnt, OUT buffer
Loading service 353: csCdgMnt, IN buffer
Loading service 353: csCdgMnt, OUT buffer
Loading service 354: csLsSrchBg, IN buffer
Loading service 354: csLsSrchBg, OUT buffer
Loading service 355: csLsSrchCdg, IN buffer
Loading service 355: csLsSrchCdg, OUT buffer
Loading service 356: csGtBg, IN buffer
Loading service 356: csGtBg, OUT buffer
Loading service 357: csGtCdg, IN buffer
Loading service 357: csGtCdg, OUT buffer
Loading service 358: csGtNmPln, IN buffer
Loading service 358: csGtNmPln, OUT buffer
Loading service 359: csGtNmCnv, IN buffer
Loading service 359: csGtNmCnv, OUT buffer
Loading service 360: csGtCdgMem, IN buffer
Loading service 360: csGtCdgMem, OUT buffer
Loading service 361: csBgCnvExtr, IN buffer
Loading service 361: csBgCnvExtr, OUT buffer
Loading service 362: csMasSocAct, IN buffer
Loading service 362: csMasSocAct, OUT buffer
Starting File 33 - /Users/hakgu/Projects/svn/ninja-tuxedo-generation-hgu/1_v_files/pgn_ftrtrx_c32_v.v
Loading service 363: gnLsFtrTrx, IN buffer
Loading service 363: gnLsFtrTrx, OUT buffer
Loading service 364: gnFtrCount, IN buffer
Loading service 364: gnFtrCount, OUT buffer
Loading service 365: gnGtFtrTrx, IN buffer
Loading service 365: gnGtFtrTrx, OUT buffer
Loading service 366: gnSvFtrTrx, IN buffer
Loading service 366: gnSvFtrTrx, OUT buffer
Starting File 34 - /Users/hakgu/Projects/svn/ninja-tuxedo-generation-hgu/1_v_files/pcs_srch_c32_v.v
Loading service 367: csSrchSrlNo, IN buffer
Loading service 367: csSrchSrlNo, OUT buffer
Loading service 368: csSrchCtn, IN buffer
Loading service 368: csSrchCtn, OUT buffer
Loading service 369: csLsBnIdNum, IN buffer
Loading service 369: csLsBnIdNum, OUT buffer
Loading service 370: csLsDepBan, IN buffer
Loading service 370: csLsDepBan, OUT buffer
Loading service 371: csLsEca, IN buffer
Loading service 371: csLsEca, OUT buffer
Loading service 372: csSrchBan, IN buffer
Loading service 372: csSrchBan, OUT buffer
Loading service 373: csSrchOdBan, IN buffer
Loading service 373: csSrchOdBan, OUT buffer
Loading service 374: csSrchTMId, IN buffer
Loading service 374: csSrchTMId, OUT buffer
Loading service 375: csSrchCtrNo, IN buffer
Loading service 375: csSrchCtrNo, OUT buffer
Loading service 376: csSrchInvNo, IN buffer
Loading service 376: csSrchInvNo, OUT buffer
Loading service 377: csSrchSplTel, IN buffer
Loading service 377: csSrchSplTel, OUT buffer
Loading service 378: csSrchAgrNo, IN buffer
Loading service 378: csSrchAgrNo, OUT buffer
Loading service 379: csSrchCug, IN buffer
Loading service 379: csSrchCug, OUT buffer
Loading service 380: csLsSubPdp, IN buffer
Loading service 380: csLsSubPdp, OUT buffer
Loading service 381: csSrchImsi, IN buffer
Loading service 381: csSrchImsi, OUT buffer
Loading service 382: csSrchIsp, IN buffer
Loading service 382: csSrchIsp, OUT buffer
Loading service 383: csSrchEAN, IN buffer
Loading service 383: csSrchEAN, OUT buffer
Loading service 384: csSrchAddInfo, IN buffer
Loading service 384: csSrchAddInfo, OUT buffer
Loading service 385: csChkSecNum, IN buffer
Loading service 385: csChkSecNum, OUT buffer
Loading service 386: csLsBnDdag, IN buffer
Loading service 386: csLsBnDdag, OUT buffer
Loading service 387: csSrchExCktId, IN buffer
Loading service 387: csSrchExCktId, OUT buffer
Loading service 388: csSrchInCktId, IN buffer
Loading service 388: csSrchInCktId, OUT buffer
Starting File 35 - /Users/hakgu/Projects/svn/ninja-tuxedo-generation-hgu/1_v_files/pgn_serv_c32_v.v
Loading service 389: gnGtUsers, IN buffer
Loading service 389: gnGtUsers, OUT buffer
Loading service 390: gnGtNamAddr, IN buffer
Loading service 390: gnGtNamAddr, OUT buffer
Loading service 391: gnHandleNum, IN buffer
Loading service 391: gnHandleNum, OUT buffer
Loading service 392: gnCkUnbChg, IN buffer
Loading service 392: gnCkUnbChg, OUT buffer
Starting File 36 - /Users/hakgu/Projects/svn/ninja-tuxedo-generation-hgu/1_v_files/pcs_apifldr_c32_v.v
Loading service 393: csApiBan, IN buffer
Loading service 393: csApiBan, OUT buffer
Starting File 37 - /Users/hakgu/Projects/svn/ninja-tuxedo-generation-hgu/1_v_files/pgn_link_ent_c32_v.v
Loading service 394: gnLsLnkBans, IN buffer
Loading service 394: gnLsLnkBans, OUT buffer
Loading service 395: gnLsLnkSubs, IN buffer
Loading service 395: gnLsLnkSubs, OUT buffer
Loading service 396: gnGtAdNmLnk, IN buffer
Loading service 396: gnGtAdNmLnk, OUT buffer
Loading service 397: gnUpLnkEnt, IN buffer
Loading service 397: gnUpLnkEnt, OUT buffer
Loading service 398: gnGtAdrItm, IN buffer
Loading service 398: gnGtAdrItm, OUT buffer
Loading service 399: gnChkAdrVld, IN buffer
Loading service 399: gnChkAdrVld, OUT buffer
Loading service 400: gnUpNmAdr, IN buffer
Loading service 400: gnUpNmAdr, OUT buffer
Starting File 38 - /Users/hakgu/Projects/svn/ninja-tuxedo-generation-hgu/1_v_files/pcs_msisdn_c32_v.v
Loading service 401: csGtSimNr, IN buffer
Loading service 401: csGtSimNr, OUT buffer
Loading service 402: csLsBanMsis, IN buffer
Loading service 402: csLsBanMsis, OUT buffer
Loading service 403: csGtMsisdn, IN buffer
Loading service 403: csGtMsisdn, OUT buffer
Loading service 404: csLsSimCtn, IN buffer
Loading service 404: csLsSimCtn, OUT buffer
Loading service 405: csLsSimHis, IN buffer
Loading service 405: csLsSimHis, OUT buffer
Loading service 406: csGtMsiInf, IN buffer
Loading service 406: csGtMsiInf, OUT buffer
Loading service 407: csLsPNP, IN buffer
Loading service 407: csLsPNP, OUT buffer
Loading service 408: csGtPNPCnt, IN buffer
Loading service 408: csGtPNPCnt, OUT buffer
Loading service 409: csGtPNPMin, IN buffer
Loading service 409: csGtPNPMin, OUT buffer
Loading service 410: csSvPNP, IN buffer
Loading service 410: csSvPNP, OUT buffer
Loading service 411: csSvCUG, IN buffer
Loading service 411: csSvCUG, OUT buffer
Loading service 412: csGtPNP, IN buffer
Loading service 412: csGtPNP, OUT buffer
Loading service 413: csLsDvcTrx, IN buffer
Loading service 413: csLsDvcTrx, OUT buffer
Loading service 414: csLsSrvTrx, IN buffer
Loading service 414: csLsSrvTrx, OUT buffer
Loading service 415: csGtAvlSim, IN buffer
Loading service 415: csGtAvlSim, OUT buffer
Loading service 416: csVldImeiIU, IN buffer
Loading service 416: csVldImeiIU, OUT buffer
Loading service 417: csVldImei, IN buffer
Loading service 417: csVldImei, OUT buffer
Loading service 418: csGtDumSIM, IN buffer
Loading service 418: csGtDumSIM, OUT buffer
Loading service 419: csAssignRsrc, IN buffer
Loading service 419: csAssignRsrc, OUT buffer
Starting File 39 - /Users/hakgu/Projects/svn/ninja-tuxedo-generation-hgu/1_v_files/pcs_npctrl_c32_v.v
Loading service 420: csLsNpTrx, IN buffer
Loading service 420: csLsNpTrx, OUT buffer
Loading service 421: csCrNpTrx, IN buffer
Loading service 421: csCrNpTrx, OUT buffer
Loading service 422: csCrNpInfo, IN buffer
Loading service 422: csCrNpInfo, OUT buffer
Loading service 423: csGtNpRlsSub, IN buffer
Loading service 423: csGtNpRlsSub, OUT buffer
Loading service 424: csCrNpCncl, IN buffer
Loading service 424: csCrNpCncl, OUT buffer
Loading service 425: csExpNpTrx, IN buffer
Loading service 425: csExpNpTrx, OUT buffer
Loading service 426: csLsNPRejCtn, IN buffer
Loading service 426: csLsNPRejCtn, OUT buffer
Loading service 427: csUpNpITrx, IN buffer
Loading service 427: csUpNpITrx, OUT buffer
Loading service 428: csGtNpITrx, IN buffer
Loading service 428: csGtNpITrx, OUT buffer
Starting File 40 - /Users/hakgu/Projects/svn/ninja-tuxedo-generation-hgu/1_v_files/pcs_umagrps_c32_v.v
Loading service 429: csLsUMAGrp, IN buffer
Loading service 429: csLsUMAGrp, OUT buffer
Loading service 430: csGtUMAGrp, IN buffer
Loading service 430: csGtUMAGrp, OUT buffer
Loading service 431: csUpdUMAGrp, IN buffer
Loading service 431: csUpdUMAGrp, OUT buffer
Starting File 41 - /Users/hakgu/Projects/svn/ninja-tuxedo-generation-hgu/1_v_files/pcs_ctnaddact_c32_v.v
Loading service 432: csRsCanCtn, IN buffer
Loading service 432: csRsCanCtn, OUT buffer
Loading service 433: csChgCtn, IN buffer
Loading service 433: csChgCtn, OUT buffer
Loading service 434: csMoveCtn, IN buffer
Loading service 434: csMoveCtn, OUT buffer
Loading service 435: csChgOwner, IN buffer
Loading service 435: csChgOwner, OUT buffer
Loading service 436: csMoveRsv, IN buffer
Loading service 436: csMoveRsv, OUT buffer
Loading service 437: csChkCompMv, IN buffer
Loading service 437: csChkCompMv, OUT buffer
Loading service 438: csMoveSusp, IN buffer
Loading service 438: csMoveSusp, OUT buffer
Loading service 439: csMoveCan, IN buffer
Loading service 439: csMoveCan, OUT buffer
Loading service 440: csMlRsCanCtn, IN buffer
Loading service 440: csMlRsCanCtn, OUT buffer
Loading service 441: csLsRsAsPreEr, IN buffer
Loading service 441: csLsRsAsPreEr, OUT buffer
Starting File 42 - /Users/hakgu/Projects/svn/ninja-tuxedo-generation-hgu/1_v_files/pcs_cw_sus_c32_v.v
Loading service 442: csCwSuspSub, IN buffer
Loading service 442: csCwSuspSub, OUT buffer
Starting File 43 - /Users/hakgu/Projects/svn/ninja-tuxedo-generation-hgu/1_v_files/pif_crd_valid_c32_v.v
Loading service 443: ifChkCrdEvReq, IN buffer
Loading service 443: ifChkCrdEvReq, OUT buffer
Loading service 444: ifGtCasDtl, IN buffer
Loading service 444: ifGtCasDtl, OUT buffer
Loading service 445: ifUpCrdt, IN buffer
Loading service 445: ifUpCrdt, OUT buffer
Loading service 446: ifDlCrdEvReq, IN buffer
Loading service 446: ifDlCrdEvReq, OUT buffer
Loading service 447: ifLsCrdEvReq, IN buffer
Loading service 447: ifLsCrdEvReq, OUT buffer
Starting File 44 - /Users/hakgu/Projects/svn/ninja-tuxedo-generation-hgu/1_v_files/pcs_frndfml_c32_v.v
Loading service 448: csLsFandF, IN buffer
Loading service 448: csLsFandF, OUT buffer
Loading service 449: csSvFandF, IN buffer
Loading service 449: csSvFandF, OUT buffer
Loading service 450: csValFandFLst, IN buffer
Loading service 450: csValFandFLst, OUT buffer
Loading service 451: csGtFNFBan, IN buffer
Loading service 451: csGtFNFBan, OUT buffer
Loading service 452: csSvFNFBan, IN buffer
Loading service 452: csSvFNFBan, OUT buffer
Loading service 453: csGtFNFCnt, IN buffer
Loading service 453: csGtFNFCnt, OUT buffer
Loading service 454: csValFnFRng, IN buffer
Loading service 454: csValFnFRng, OUT buffer
Starting File 45 - /Users/hakgu/Projects/svn/ninja-tuxedo-generation-hgu/1_v_files/pcs_ole_c32_v.v
Loading service 455: csGtBanOle, IN buffer
Loading service 455: csGtBanOle, OUT buffer
Loading service 456: csGtMsisdnOle, IN buffer
Loading service 456: csGtMsisdnOle, OUT buffer
Loading service 457: csGtSimOle, IN buffer
Loading service 457: csGtSimOle, OUT buffer
Loading service 458: csGtImsiOle, IN buffer
Loading service 458: csGtImsiOle, OUT buffer
Loading service 459: csEnvInBan, IN buffer
Loading service 459: csEnvInBan, OUT buffer
Starting File 46 - /Users/hakgu/Projects/svn/ninja-tuxedo-generation-hgu/1_v_files/pcs_cv_request_c32_v.v
Loading service 460: csCrdEvReq, IN buffer
Loading service 460: csCrdEvReq, OUT buffer
Loading service 461: csUpCrdt, IN buffer
Loading service 461: csUpCrdt, OUT buffer
Loading service 462: csUpSndReq, IN buffer
Loading service 462: csUpSndReq, OUT buffer
Starting File 47 - /Users/hakgu/Projects/svn/ninja-tuxedo-generation-hgu/1_v_files/pic_item_c32_v.v
Loading service 463: icItemAvl, IN buffer
Loading service 463: icItemAvl, OUT buffer
Loading service 464: icGtItmDtl, IN buffer
Loading service 464: icGtItmDtl, OUT buffer
Loading service 465: icLsItmPrc, IN buffer
Loading service 465: icLsItmPrc, OUT buffer
Loading service 466: icLsItmSal, IN buffer
Loading service 466: icLsItmSal, OUT buffer
Loading service 467: icGtItmDef, IN buffer
Loading service 467: icGtItmDef, OUT buffer
Loading service 468: icLsItmVnd, IN buffer
Loading service 468: icLsItmVnd, OUT buffer
Loading service 469: icLsWhItms, IN buffer
Loading service 469: icLsWhItms, OUT buffer
Loading service 470: icLsItmDtl, IN buffer
Loading service 470: icLsItmDtl, OUT buffer
Starting File 48 - /Users/hakgu/Projects/svn/ninja-tuxedo-generation-hgu/1_v_files/pcv_fldrsvc_c32_v.v
Loading service 471: cvStart, IN buffer
Loading service 471: cvStart, OUT buffer
Loading service 472: cvCommit, IN buffer
Loading service 472: cvCommit, OUT buffer
Loading service 473: cvRollback, IN buffer
Loading service 473: cvRollback, OUT buffer
Loading service 474: cvSvBan, IN buffer
Loading service 474: cvSvBan, OUT buffer
Loading service 475: cvSvNmAdr, IN buffer
Loading service 475: cvSvNmAdr, OUT buffer
Loading service 476: cvSvCtn, IN buffer
Loading service 476: cvSvCtn, OUT buffer
Loading service 477: cvSvEsn, IN buffer
Loading service 477: cvSvEsn, OUT buffer
Loading service 478: cvSvCtnAgr, IN buffer
Loading service 478: cvSvCtnAgr, OUT buffer
Loading service 479: cvSideEffect, IN buffer
Loading service 479: cvSideEffect, OUT buffer
Starting File 49 - /Users/hakgu/Projects/svn/ninja-tuxedo-generation-hgu/1_v_files/par_addaract_c32_v.v
Loading service 480: arCrDdReq, IN buffer
Loading service 480: arCrDdReq, OUT buffer
Loading service 481: arDlDdReq, IN buffer
Loading service 481: arDlDdReq, OUT buffer
Loading service 482: arChDdReq, IN buffer
Loading service 482: arChDdReq, OUT buffer
Loading service 483: arUpUndBck, IN buffer
Loading service 483: arUpUndBck, OUT buffer
Loading service 484: arLsDrDbRq, IN buffer
Loading service 484: arLsDrDbRq, OUT buffer
Loading service 485: arGtpymMtd, IN buffer
Loading service 485: arGtpymMtd, OUT buffer
Loading service 486: arUpPymMtd, IN buffer
Loading service 486: arUpPymMtd, OUT buffer
Starting File 50 - /Users/hakgu/Projects/svn/ninja-tuxedo-generation-hgu/1_v_files/pcs_ctn_c32_v.v
Loading service 487: csInCtn, IN buffer
Loading service 487: csInCtn, OUT buffer
Loading service 488: csUpCtn, IN buffer
Loading service 488: csUpCtn, OUT buffer
Loading service 489: csUpCtnSt, IN buffer
Loading service 489: csUpCtnSt, OUT buffer
Loading service 490: csGtCtn, IN buffer
Loading service 490: csGtCtn, OUT buffer
Loading service 491: csGtCtnInv, IN buffer
Loading service 491: csGtCtnInv, OUT buffer
Loading service 492: csLsBanCtn, IN buffer
Loading service 492: csLsBanCtn, OUT buffer
Loading service 493: csGetCtnNm, IN buffer
Loading service 493: csGetCtnNm, OUT buffer
Loading service 494: csLsSrvAgr, IN buffer
Loading service 494: csLsSrvAgr, OUT buffer
Loading service 495: csLsSrvFtr, IN buffer
Loading service 495: csLsSrvFtr, OUT buffer
Loading service 496: csLsCtnEsn, IN buffer
Loading service 496: csLsCtnEsn, OUT buffer
Loading service 497: csCtnClInf, IN buffer
Loading service 497: csCtnClInf, OUT buffer
Loading service 498: csCtnStCnt, IN buffer
Loading service 498: csCtnStCnt, OUT buffer
Loading service 499: csRsvCtn, IN buffer
Loading service 499: csRsvCtn, OUT buffer
Loading service 500: csRelsCtn, IN buffer
Loading service 500: csRelsCtn, OUT buffer
Loading service 501: csGtLstBan, IN buffer
Loading service 501: csGtLstBan, OUT buffer
Loading service 502: csRsClInf, IN buffer
Loading service 502: csRsClInf, OUT buffer
Loading service 503: csChkEsn, IN buffer
Loading service 503: csChkEsn, OUT buffer
Loading service 504: csCkCtnEx, IN buffer
Loading service 504: csCkCtnEx, OUT buffer
Loading service 505: csGtOneCtn, IN buffer
Loading service 505: csGtOneCtn, OUT buffer
Loading service 506: csGtStsDate, IN buffer
Loading service 506: csGtStsDate, OUT buffer
Loading service 507: csGtActvDate, IN buffer
Loading service 507: csGtActvDate, OUT buffer
Loading service 508: csGtPrevPp, IN buffer
Loading service 508: csGtPrevPp, OUT buffer
Loading service 509: csCntRenwl, IN buffer
Loading service 509: csCntRenwl, OUT buffer
Loading service 510: csGtSrvFtr, IN buffer
Loading service 510: csGtSrvFtr, OUT buffer
Loading service 511: csLsCtnLu, IN buffer
Loading service 511: csLsCtnLu, OUT buffer
Loading service 512: csChkCntrNo, IN buffer
Loading service 512: csChkCntrNo, OUT buffer
Loading service 513: csChkSubNo, IN buffer
Loading service 513: csChkSubNo, OUT buffer
Loading service 514: csSvCrdWch, IN buffer
Loading service 514: csSvCrdWch, OUT buffer
Loading service 515: csChkValImp, IN buffer
Loading service 515: csChkValImp, OUT buffer
Loading service 516: csGetAvgAmt, IN buffer
Loading service 516: csGetAvgAmt, OUT buffer
Loading service 517: csGetNpInfo, IN buffer
Loading service 517: csGetNpInfo, OUT buffer
Loading service 518: csGtWrkDate, IN buffer
Loading service 518: csGtWrkDate, OUT buffer
Loading service 519: csLastNpInfo, IN buffer
Loading service 519: csLastNpInfo, OUT buffer
Loading service 520: csGtBindPnlt, IN buffer
Loading service 520: csGtBindPnlt, OUT buffer
Loading service 521: csChkMulti, IN buffer
Loading service 521: csChkMulti, OUT buffer
Loading service 522: csGtMnlRcInfo, IN buffer
Loading service 522: csGtMnlRcInfo, OUT buffer
Loading service 523: csGtIspData, IN buffer
Loading service 523: csGtIspData, OUT buffer
Loading service 524: csChkIsp, IN buffer
Loading service 524: csChkIsp, OUT buffer
Loading service 525: csVldPrmLmt, IN buffer
Loading service 525: csVldPrmLmt, OUT buffer
Loading service 526: csChkIntPort, IN buffer
Loading service 526: csChkIntPort, OUT buffer
Loading service 527: csCtnClInfBuf, IN buffer
Loading service 527: csCtnClInfBuf, OUT buffer
Loading service 528: csGtMBL, IN buffer
Loading service 528: csGtMBL, OUT buffer
Loading service 529: csSvMBL, IN buffer
Loading service 529: csSvMBL, OUT buffer
Starting File 51 - /Users/hakgu/Projects/svn/ninja-tuxedo-generation-hgu/1_v_files/par_disc_c32_v.v
Loading service 530: arLsFeeWa, IN buffer
Loading service 530: arLsFeeWa, OUT buffer
Loading service 531: arUpFeeWa, IN buffer
Loading service 531: arUpFeeWa, OUT buffer
Loading service 532: arLsDisc, IN buffer
Loading service 532: arLsDisc, OUT buffer
Loading service 533: arSvDisc, IN buffer
Loading service 533: arSvDisc, OUT buffer
Loading service 534: arGtFeeWa, IN buffer
Loading service 534: arGtFeeWa, OUT buffer
Total execution time: 5198339 ms
