"C:\Program Files\Java\jdk1.8.0_101\bin\java" "-javaagent:C:\Program Files\JetBrains\IntelliJ IDEA Community Edition 2017.2.5\lib\idea_rt.jar=60644:C:\Program Files\JetBrains\IntelliJ IDEA Community Edition 2017.2.5\bin" -Dfile.encoding=UTF-8 -classpath "C:\Program Files\Java\jdk1.8.0_101\jre\lib\charsets.jar;C:\Program Files\Java\jdk1.8.0_101\jre\lib\deploy.jar;C:\Program Files\Java\jdk1.8.0_101\jre\lib\ext\access-bridge-64.jar;C:\Program Files\Java\jdk1.8.0_101\jre\lib\ext\cldrdata.jar;C:\Program Files\Java\jdk1.8.0_101\jre\lib\ext\dnsns.jar;C:\Program Files\Java\jdk1.8.0_101\jre\lib\ext\jaccess.jar;C:\Program Files\Java\jdk1.8.0_101\jre\lib\ext\jfxrt.jar;C:\Program Files\Java\jdk1.8.0_101\jre\lib\ext\localedata.jar;C:\Program Files\Java\jdk1.8.0_101\jre\lib\ext\nashorn.jar;C:\Program Files\Java\jdk1.8.0_101\jre\lib\ext\sunec.jar;C:\Program Files\Java\jdk1.8.0_101\jre\lib\ext\sunjce_provider.jar;C:\Program Files\Java\jdk1.8.0_101\jre\lib\ext\sunmscapi.jar;C:\Program Files\Java\jdk1.8.0_101\jre\lib\ext\sunpkcs11.jar;C:\Program Files\Java\jdk1.8.0_101\jre\lib\ext\zipfs.jar;C:\Program Files\Java\jdk1.8.0_101\jre\lib\javaws.jar;C:\Program Files\Java\jdk1.8.0_101\jre\lib\jce.jar;C:\Program Files\Java\jdk1.8.0_101\jre\lib\jfr.jar;C:\Program Files\Java\jdk1.8.0_101\jre\lib\jfxswt.jar;C:\Program Files\Java\jdk1.8.0_101\jre\lib\jsse.jar;C:\Program Files\Java\jdk1.8.0_101\jre\lib\management-agent.jar;C:\Program Files\Java\jdk1.8.0_101\jre\lib\plugin.jar;C:\Program Files\Java\jdk1.8.0_101\jre\lib\resources.jar;C:\Program Files\Java\jdk1.8.0_101\jre\lib\rt.jar;C:\Users\vmb5390\.babun\cygwin\home\vmb5390\projects\no\master\NinjaCore\ninja-core-root\tools\target\classes" no.netcom.ninja.tools.Step1CreateOLRFiles
Processing file 1 - C:\projects\svn\ninja\NinjaTuxedoGeneration\training\training_raviv\1_v_files\pbl_cycle_c32_v.v
Processing file 2 - C:\projects\svn\ninja\NinjaTuxedoGeneration\training\training_raviv\1_v_files\pgn_tree_addact_c32_v.v
Processing file 3 - C:\projects\svn\ninja\NinjaTuxedoGeneration\training\training_raviv\1_v_files\pcs_envact_c32_v.v
Processing file 4 - C:\projects\svn\ninja\NinjaTuxedoGeneration\training\training_raviv\1_v_files\psec_secur_c32_v.v
Processing file 5 - C:\projects\svn\ninja\NinjaTuxedoGeneration\training\training_raviv\1_v_files\par_adj_c32_v.v
Processing file 6 - C:\projects\svn\ninja\NinjaTuxedoGeneration\training\training_raviv\1_v_files\pgn_hist_c32_v.v
Processing file 7 - C:\projects\svn\ninja\NinjaTuxedoGeneration\training\training_raviv\1_v_files\pcl_coll_c32_v.v
Processing file 8 - C:\projects\svn\ninja\NinjaTuxedoGeneration\training\training_raviv\1_v_files\pgn_hbilling_c32_v.v
Processing file 9 - C:\projects\svn\ninja\NinjaTuxedoGeneration\training\training_raviv\1_v_files\par_banact_c32_v.v
Processing file 10 - C:\projects\svn\ninja\NinjaTuxedoGeneration\training\training_raviv\1_v_files\pbl_blim_c32_v.v
Processing file 11 - C:\projects\svn\ninja\NinjaTuxedoGeneration\training\training_raviv\1_v_files\pcs_ctnact_c32_v.v
Processing file 12 - C:\projects\svn\ninja\NinjaTuxedoGeneration\training\training_raviv\1_v_files\pmm_followup_c32_v.v
Processing file 13 - C:\projects\svn\ninja\NinjaTuxedoGeneration\training\training_raviv\1_v_files\pcl_inv_coll_c32_v.v
Processing file 14 - C:\projects\svn\ninja\NinjaTuxedoGeneration\training\training_raviv\1_v_files\pmm_memo_c32_v.v
Processing file 15 - C:\projects\svn\ninja\NinjaTuxedoGeneration\training\training_raviv\1_v_files\pcs_srchspcl_c32_v.v
Processing file 16 - C:\projects\svn\ninja\NinjaTuxedoGeneration\training\training_raviv\1_v_files\pgn_ws_c32_v.v
Processing file 17 - C:\projects\svn\ninja\NinjaTuxedoGeneration\training\training_raviv\1_v_files\pbl_usage_c32_v.v
Processing file 18 - C:\projects\svn\ninja\NinjaTuxedoGeneration\training\training_raviv\1_v_files\par_pym_c32_v.v
Processing file 19 - C:\projects\svn\ninja\NinjaTuxedoGeneration\training\training_raviv\1_v_files\pnm_im_gn_c32_v.v
Processing file 20 - C:\projects\svn\ninja\NinjaTuxedoGeneration\training\training_raviv\1_v_files\pcs_multi_activities_c32_v.v
Processing file 21 - C:\projects\svn\ninja\NinjaTuxedoGeneration\training\training_raviv\1_v_files\par_pymarr_c32_v.v
Processing file 22 - C:\projects\svn\ninja\NinjaTuxedoGeneration\training\training_raviv\1_v_files\pcs_ivr_c32_v.v
Processing file 23 - C:\projects\svn\ninja\NinjaTuxedoGeneration\training\training_raviv\1_v_files\pbl_bil_c32_v.v
Processing file 24 - C:\projects\svn\ninja\NinjaTuxedoGeneration\training\training_raviv\1_v_files\pcs_prepaid_c32_v.v
Processing file 25 - C:\projects\svn\ninja\NinjaTuxedoGeneration\training\training_raviv\1_v_files\pic_inventory_c32_v.v
Processing file 26 - C:\projects\svn\ninja\NinjaTuxedoGeneration\training\training_raviv\1_v_files\pgn_test_c32_v.v
Processing file 27 - C:\projects\svn\ninja\NinjaTuxedoGeneration\training\training_raviv\1_v_files\pcs_pp_c32_v.v
Processing file 28 - C:\projects\svn\ninja\NinjaTuxedoGeneration\training\training_raviv\1_v_files\pgn_utils_c32_v.v
Processing file 29 - C:\projects\svn\ninja\NinjaTuxedoGeneration\training\training_raviv\1_v_files\par_charge_c32_v.v
Processing file 30 - C:\projects\svn\ninja\NinjaTuxedoGeneration\training\training_raviv\1_v_files\par_banagr_c32_v.v
Processing file 31 - C:\projects\svn\ninja\NinjaTuxedoGeneration\training\training_raviv\1_v_files\par_ban_c32_v.v
Processing file 32 - C:\projects\svn\ninja\NinjaTuxedoGeneration\training\training_raviv\1_v_files\pcs_bg_cdg_c32_v.v
Processing file 33 - C:\projects\svn\ninja\NinjaTuxedoGeneration\training\training_raviv\1_v_files\pgn_ftrtrx_c32_v.v
Processing file 34 - C:\projects\svn\ninja\NinjaTuxedoGeneration\training\training_raviv\1_v_files\pcs_srch_c32_v.v
Processing file 35 - C:\projects\svn\ninja\NinjaTuxedoGeneration\training\training_raviv\1_v_files\pgn_serv_c32_v.v
Processing file 36 - C:\projects\svn\ninja\NinjaTuxedoGeneration\training\training_raviv\1_v_files\pcs_apifldr_c32_v.v
Processing file 37 - C:\projects\svn\ninja\NinjaTuxedoGeneration\training\training_raviv\1_v_files\pgn_link_ent_c32_v.v
Processing file 38 - C:\projects\svn\ninja\NinjaTuxedoGeneration\training\training_raviv\1_v_files\pcs_msisdn_c32_v.v
Processing file 39 - C:\projects\svn\ninja\NinjaTuxedoGeneration\training\training_raviv\1_v_files\pcs_npctrl_c32_v.v
Processing file 40 - C:\projects\svn\ninja\NinjaTuxedoGeneration\training\training_raviv\1_v_files\pcs_umagrps_c32_v.v
Processing file 41 - C:\projects\svn\ninja\NinjaTuxedoGeneration\training\training_raviv\1_v_files\pcs_ctnaddact_c32_v.v
Processing file 42 - C:\projects\svn\ninja\NinjaTuxedoGeneration\training\training_raviv\1_v_files\pcs_cw_sus_c32_v.v
Processing file 43 - C:\projects\svn\ninja\NinjaTuxedoGeneration\training\training_raviv\1_v_files\pif_crd_valid_c32_v.v
Processing file 44 - C:\projects\svn\ninja\NinjaTuxedoGeneration\training\training_raviv\1_v_files\pcs_frndfml_c32_v.v
Processing file 45 - C:\projects\svn\ninja\NinjaTuxedoGeneration\training\training_raviv\1_v_files\pcs_ole_c32_v.v
Processing file 46 - C:\projects\svn\ninja\NinjaTuxedoGeneration\training\training_raviv\1_v_files\pcs_cv_request_c32_v.v
Processing file 47 - C:\projects\svn\ninja\NinjaTuxedoGeneration\training\training_raviv\1_v_files\pic_item_c32_v.v
Processing file 48 - C:\projects\svn\ninja\NinjaTuxedoGeneration\training\training_raviv\1_v_files\pcv_fldrsvc_c32_v.v
Processing file 49 - C:\projects\svn\ninja\NinjaTuxedoGeneration\training\training_raviv\1_v_files\par_addaract_c32_v.v
Processing file 50 - C:\projects\svn\ninja\NinjaTuxedoGeneration\training\training_raviv\1_v_files\pcs_ctn_c32_v.v
Processing file 51 - C:\projects\svn\ninja\NinjaTuxedoGeneration\training\training_raviv\1_v_files\par_disc_c32_v.v
Finished processing files

Process finished with exit code 0
