Query: SELECT * FROM tux_services_versions where ninja_version = '28.0.0.0' and in_use = 'Y'
 Generating classes for service (1): arGtCurPA. Conversational = false. Fields shared with csApiBan = false... 167 ms.
 Generating classes for service (2): csChgCtn. Conversational = false. Fields shared with csApiBan = false... 538 ms.
 Generating classes for service (3): cvStart. Conversational = true. Fields shared with csApiBan = true... 54 ms.
 Generating classes for service (4): csSvPNP. Conversational = false. Fields shared with csApiBan = false... 95 ms.
 Generating classes for service (5): cvSvNmAdr. Conversational = true. Fields shared with csApiBan = true... 233 ms.
 Generating classes for service (6): gnLsFtrTrx. Conversational = false. Fields shared with csApiBan = false... 78 ms.
 Generating classes for service (7): arLsDefAgr. Conversational = false. Fields shared with csApiBan = false... 104 ms.
 Generating classes for service (8): csSrchCtn. Conversational = false. Fields shared with csApiBan = false... 98 ms.
 Generating classes for service (9): csLsBnIdNum. Conversational = false. Fields shared with csApiBan = false... 112 ms.
 Generating classes for service (10): csSrchBan. Conversational = false. Fields shared with csApiBan = false... 97 ms.
 Generating classes for service (11): csGtSplTlFtr. Conversational = false. Fields shared with csApiBan = false... 53 ms.
 Generating classes for service (12): csChkSubNo. Conversational = false. Fields shared with csApiBan = false... 65 ms.
 Generating classes for service (13): csRelsCtn. Conversational = false. Fields shared with csApiBan = false... 229 ms.
 Generating classes for service (14): csLsOrd. Conversational = false. Fields shared with csApiBan = false... 70 ms.
 Generating classes for service (15): csLsOrdDtls. Conversational = false. Fields shared with csApiBan = false... 99 ms.
 Generating classes for service (16): csInsOrd. Conversational = false. Fields shared with csApiBan = false... 117 ms.
 Generating classes for service (17): csLsOrdLines. Conversational = false. Fields shared with csApiBan = false... 58 ms.
 Generating classes for service (18): arCrMPym. Conversational = false. Fields shared with csApiBan = false... 146 ms.
 Generating classes for service (19): pnmImLoad. Conversational = false. Fields shared with csApiBan = false... 48 ms.
 Generating classes for service (20): blLsUBChg. Conversational = false. Fields shared with csApiBan = false... 181 ms.
 Generating classes for service (21): blLsSocLoan. Conversational = false. Fields shared with csApiBan = false... 101 ms.
 Generating classes for service (22): csValFandFLst. Conversational = false. Fields shared with csApiBan = false... 76 ms.
 Generating classes for service (23): cvRollback. Conversational = true. Fields shared with csApiBan = false... 42 ms.
 Generating classes for service (24): csMoveCtn. Conversational = false. Fields shared with csApiBan = false... 451 ms.
 Generating classes for service (25): cvSvCtn. Conversational = true. Fields shared with csApiBan = true... 133 ms.
 Generating classes for service (26): csVldImei. Conversational = false. Fields shared with csApiBan = false... 53 ms.
 Generating classes for service (27): gnLsLnkSubs. Conversational = false. Fields shared with csApiBan = false... 60 ms.
 Generating classes for service (28): arRfndLs. Conversational = false. Fields shared with csApiBan = false... 104 ms.
 Generating classes for service (29): arLsBilPrm. Conversational = false. Fields shared with csApiBan = false... 109 ms.
 Generating classes for service (30): csLsSubPdp. Conversational = false. Fields shared with csApiBan = false... 41 ms.
 Generating classes for service (31): icAdjustIn. Conversational = false. Fields shared with csApiBan = false... 45 ms.
 Generating classes for service (32): csSvCrdWch. Conversational = false. Fields shared with csApiBan = false... 122 ms.
 Generating classes for service (33): arSvDisc. Conversational = false. Fields shared with csApiBan = false... 84 ms.
 Generating classes for service (34): csCallFrwd. Conversational = false. Fields shared with csApiBan = false... 65 ms.
 Generating classes for service (35): clGtColInfo. Conversational = false. Fields shared with csApiBan = false... 227 ms.
 Generating classes for service (36): arCnclBan. Conversational = false. Fields shared with csApiBan = false... 88 ms.
 Generating classes for service (37): clGtColHist. Conversational = false. Fields shared with csApiBan = false... 73 ms.
 Generating classes for service (38): blRprntReq. Conversational = false. Fields shared with csApiBan = false... 81 ms.
 Generating classes for service (39): mmLsBanFu. Conversational = false. Fields shared with csApiBan = false... 80 ms.
 Generating classes for service (40): cvSvEsn. Conversational = true. Fields shared with csApiBan = true... 123 ms.
 Generating classes for service (41): gnLsLnkBans. Conversational = false. Fields shared with csApiBan = false... 46 ms.
 Generating classes for service (42): gnUpLnkEnt. Conversational = false. Fields shared with csApiBan = false... 228 ms.
 Generating classes for service (43): arOpenBan. Conversational = false. Fields shared with csApiBan = false... 70 ms.
 Generating classes for service (44): csGtAddIf. Conversational = false. Fields shared with csApiBan = false... 39 ms.
 Generating classes for service (45): csUpAddIf. Conversational = false. Fields shared with csApiBan = false... 69 ms.
 Generating classes for service (46): gnGtUtcDsc. Conversational = false. Fields shared with csApiBan = false... 77 ms.
 Generating classes for service (47): csCrCtn. Conversational = false. Fields shared with csApiBan = false... 477 ms.
 Generating classes for service (48): csActvCtn. Conversational = false. Fields shared with csApiBan = false... 407 ms.
 Generating classes for service (49): arSuspBan. Conversational = false. Fields shared with csApiBan = false... 78 ms.
 Generating classes for service (50): csCnclCtn. Conversational = false. Fields shared with csApiBan = false... 85 ms.
 Generating classes for service (51): gnLsUsrPrm. Conversational = false. Fields shared with csApiBan = false... 52 ms.
 Generating classes for service (52): arAdjBan. Conversational = false. Fields shared with csApiBan = false... 185 ms.
 Generating classes for service (53): csLsNpTrx. Conversational = false. Fields shared with csApiBan = false... 229 ms.
 Generating classes for service (54): cvSideEffect. Conversational = true. Fields shared with csApiBan = true... 71 ms.
 Generating classes for service (55): cvSvBan. Conversational = true. Fields shared with csApiBan = true... 161 ms.
 Generating classes for service (56): csVldImeiIU. Conversational = false. Fields shared with csApiBan = false... 48 ms.
 Generating classes for service (57): arGtOcInfo. Conversational = false. Fields shared with csApiBan = false... 51 ms.
 Generating classes for service (58): arInCstBan. Conversational = false. Fields shared with csApiBan = false... 473 ms.
 Generating classes for service (59): csSrchInvNo. Conversational = false. Fields shared with csApiBan = false... 71 ms.
 Generating classes for service (60): csSrchAgrNo. Conversational = false. Fields shared with csApiBan = false... 65 ms.
 Generating classes for service (61): csSrchCug. Conversational = false. Fields shared with csApiBan = false... 83 ms.
 Generating classes for service (62): csLsCtnEsn. Conversational = false. Fields shared with csApiBan = false... 101 ms.
 Generating classes for service (63): clManInt. Conversational = false. Fields shared with csApiBan = false... 184 ms.
 Generating classes for service (64): gnNodeAct. Conversational = false. Fields shared with csApiBan = false... 47 ms.
 Generating classes for service (65): gnChgDisc. Conversational = false. Fields shared with csApiBan = false... 76 ms.
 Generating classes for service (66): mmGtMemo. Conversational = false. Fields shared with csApiBan = false... 74 ms.
 Generating classes for service (67): arPymActLs. Conversational = false. Fields shared with csApiBan = false... 60 ms.
 Generating classes for service (68): gnChgUtc. Conversational = false. Fields shared with csApiBan = false... 49 ms.
 Generating classes for service (69): mmOpenFu. Conversational = false. Fields shared with csApiBan = false... 76 ms.
 Generating classes for service (70): pnmImAoage. Conversational = false. Fields shared with csApiBan = false... 43 ms.
 Generating classes for service (71): pnmRsvRlsCtn. Conversational = false. Fields shared with csApiBan = false... 104 ms.
 Generating classes for service (72): csLsFandF. Conversational = false. Fields shared with csApiBan = false... 59 ms.
 Generating classes for service (73): csGtSimNr. Conversational = false. Fields shared with csApiBan = false... 88 ms.
 Generating classes for service (74): arSvBanSvc. Conversational = false. Fields shared with csApiBan = false... 189 ms.
 Generating classes for service (75): csSrchSrlNo. Conversational = false. Fields shared with csApiBan = false... 79 ms.
 Generating classes for service (76): arSvBilPrm. Conversational = false. Fields shared with csApiBan = false... 274 ms.
 Generating classes for service (77): csSrchOdBan. Conversational = false. Fields shared with csApiBan = false... 81 ms.
 Generating classes for service (78): csSrchSplTel. Conversational = false. Fields shared with csApiBan = false... 144 ms.
 Generating classes for service (79): arGtCstBan. Conversational = false. Fields shared with csApiBan = false... 298 ms.
 Generating classes for service (80): csGtCtn. Conversational = false. Fields shared with csApiBan = false... 335 ms.
 Generating classes for service (81): csGtCtnInv. Conversational = false. Fields shared with csApiBan = false... 62 ms.
 Generating classes for service (82): csChkValImp. Conversational = false. Fields shared with csApiBan = false... 61 ms.
 Generating classes for service (83): csVldPrmLmt. Conversational = false. Fields shared with csApiBan = false... 54 ms.
 Generating classes for service (84): csGetCtnNm. Conversational = false. Fields shared with csApiBan = false... 59 ms.
 Generating classes for service (85): arAdjCrg. Conversational = false. Fields shared with csApiBan = false... 119 ms.
 Generating classes for service (86): mmInMemo. Conversational = false. Fields shared with csApiBan = false... 81 ms.
 Generating classes for service (87): csMoveMlCtn. Conversational = false. Fields shared with csApiBan = false... 110 ms.
 Generating classes for service (88): blLsBillList. Conversational = false. Fields shared with csApiBan = false... 43 ms.
 Generating classes for service (89): arGtpymMtd. Conversational = false. Fields shared with csApiBan = false... 72 ms.
 Generating classes for service (90): arGtBan. Conversational = false. Fields shared with csApiBan = false... 180 ms.
 Generating classes for service (91): csGtOcSocAmt. Conversational = false. Fields shared with csApiBan = false... 46 ms.
 Generating classes for service (92): csRsCanCtn. Conversational = false. Fields shared with csApiBan = false... 384 ms.
 Generating classes for service (93): gnUpNmAdr. Conversational = false. Fields shared with csApiBan = false... 264 ms.
 Generating classes for service (94): csGtMsisdn. Conversational = false. Fields shared with csApiBan = false... 130 ms.
 Generating classes for service (95): csApiBan. Conversational = false. Fields shared with csApiBan = false... 733 ms.
 Generating classes for service (96): arCrCrg. Conversational = false. Fields shared with csApiBan = false... 237 ms.
 Generating classes for service (97): gnGtAdNmLnk. Conversational = false. Fields shared with csApiBan = false... 117 ms.
 Generating classes for service (98): csSrchCtrNo. Conversational = false. Fields shared with csApiBan = false... 87 ms.
 Generating classes for service (99): csSrchImsi. Conversational = false. Fields shared with csApiBan = false... 69 ms.
 Generating classes for service (100): csLsBanCtn. Conversational = false. Fields shared with csApiBan = false... 63 ms.
 Generating classes for service (101): csLsSrvFtr. Conversational = false. Fields shared with csApiBan = false... 83 ms.
 Generating classes for service (102): csCtnStCnt. Conversational = false. Fields shared with csApiBan = false... 31 ms.
 Generating classes for service (103): gnCopyHBan. Conversational = false. Fields shared with csApiBan = false... 121 ms.
 Generating classes for service (104): gnGtTreeBasic. Conversational = false. Fields shared with csApiBan = false... 174 ms.
 Generating classes for service (105): blBilHis. Conversational = false. Fields shared with csApiBan = false... 68 ms.
 Generating classes for service (106): arCloseBan. Conversational = false. Fields shared with csApiBan = false... 68 ms.
 Generating classes for service (107): csSuspCtn. Conversational = false. Fields shared with csApiBan = false... 67 ms.
 Generating classes for service (108): csSrchAdNm. Conversational = false. Fields shared with csApiBan = false... 77 ms.
 Generating classes for service (109): arInvcLs. Conversational = false. Fields shared with csApiBan = false... 71 ms.
 Generating classes for service (110): blGetFMSum. Conversational = false. Fields shared with csApiBan = false... 46 ms.
 Generating classes for service (111): pnmImUpd. Conversational = false. Fields shared with csApiBan = false... 55 ms.
 Generating classes for service (112): arSvPymArng. Conversational = false. Fields shared with csApiBan = false... 74 ms.
 Generating classes for service (113): blLsUBInfo. Conversational = false. Fields shared with csApiBan = false... 72 ms.
 Generating classes for service (114): csCrNpTrx. Conversational = false. Fields shared with csApiBan = false... 165 ms.
 Generating classes for service (115): csSvFandF. Conversational = false. Fields shared with csApiBan = false... 78 ms.
 Generating classes for service (116): cvCommit. Conversational = true. Fields shared with csApiBan = false... 41 ms.
 Generating classes for service (117): csGtDumSIM. Conversational = false. Fields shared with csApiBan = false... 155 ms.
 Generating classes for service (118): arLsBanFtr. Conversational = false. Fields shared with csApiBan = false... 96 ms.
 Generating classes for service (119): arLsDefFtr. Conversational = false. Fields shared with csApiBan = false... 142 ms.
 Generating classes for service (120): gnGtAdrItm. Conversational = false. Fields shared with csApiBan = false... 60 ms.
 Generating classes for service (121): gnGtLgclDt. Conversational = false. Fields shared with csApiBan = false... 33 ms.
 Generating classes for service (122): csLsSrvAgr. Conversational = false. Fields shared with csApiBan = false... 77 ms.
 Generating classes for service (123): csCtnClInf. Conversational = false. Fields shared with csApiBan = false... 62 ms.
 Generating classes for service (124): blGtNxUbCyc. Conversational = false. Fields shared with csApiBan = false... 32 ms.
 Generating classes for service (125): gnGtTree. Conversational = false. Fields shared with csApiBan = false... 84 ms.
 Generating classes for service (126): arRsSusBan. Conversational = false. Fields shared with csApiBan = false... 74 ms.
 Generating classes for service (127): csRsSusCtn. Conversational = false. Fields shared with csApiBan = false... 76 ms.
 Generating classes for service (128): csSrchNmPrm. Conversational = false. Fields shared with csApiBan = false... 59 ms.
 Generating classes for service (129): mmMemoLs. Conversational = false. Fields shared with csApiBan = false... 60 ms.
 Generating classes for service (130): mmUpMemo. Conversational = false. Fields shared with csApiBan = false... 55 ms.
 Generating classes for service (131): blGtContoInfo. Conversational = false. Fields shared with csApiBan = false... 62 ms.
 Generating classes for service (132): arBanPym. Conversational = false. Fields shared with csApiBan = false... 105 ms.
 Generating classes for service (133): blLsCallsDet. Conversational = false. Fields shared with csApiBan = false... 86 ms.
 Generating classes for service (134): csUpNamAdr. Conversational = false. Fields shared with csApiBan = false... 95 ms.
 Generating classes for service (135): cvSvCtnAgr. Conversational = true. Fields shared with csApiBan = true... 266 ms.
 Generating classes for service (136): arUpPymMtd. Conversational = false. Fields shared with csApiBan = false... 89 ms.
 Generating classes for service (137): csExpNpTrx. Conversational = false. Fields shared with csApiBan = false... 43 ms.
 Generating classes for service (138): arUpCstBan. Conversational = false. Fields shared with csApiBan = false... 441 ms.
 Generating classes for service (139): arLsBanAgr. Conversational = false. Fields shared with csApiBan = false... 99 ms.
 Generating classes for service (140): gnChkAdrVld. Conversational = false. Fields shared with csApiBan = false... 52 ms.
 Generating classes for service (141): icObsSIM. Conversational = false. Fields shared with csApiBan = false... 39 ms.
 Generating classes for service (142): csGtOcAmt. Conversational = false. Fields shared with csApiBan = false... 50 ms.
 Generating classes for service (143): gnGetNl. Conversational = false. Fields shared with csApiBan = false... 48 ms.
 Generating classes for service (144): csGtWrkDate. Conversational = false. Fields shared with csApiBan = false... 42 ms.
 Generating classes for service (145): arLsDisc. Conversational = false. Fields shared with csApiBan = false... 50 ms.
 Generating classes for service (146): blChngCyc. Conversational = false. Fields shared with csApiBan = false... 75 ms.
 Generating classes for service (147): blGtCycPrd. Conversational = false. Fields shared with csApiBan = false... 50 ms.
 Generating classes for service (148): gnGetTreeInfo. Conversational = false. Fields shared with csApiBan = false... 58 ms.
 Generating classes for service (149): gnLsUtcDsc. Conversational = false. Fields shared with csApiBan = false... 58 ms.
 Generating classes for service (150): mmClosFu. Conversational = false. Fields shared with csApiBan = false... 52 ms.
 Generating classes for service (151): blGetImUsage. Conversational = false. Fields shared with csApiBan = false... 46 ms.
Total execution time (ms): 20116
