Query: SELECT * FROM tux_services_versions where ninja_version = '37.0.0.0' and in_use = 'Y'
 Generating classes for service (1): csGtAddIf. Conversational = false. Fields shared with csApiBan = false... 195 ms.
 Generating classes for service (2): csUpAddIf. Conversational = false. Fields shared with csApiBan = false... 332 ms.
 Generating classes for service (3): gnGtUtcDsc. Conversational = false. Fields shared with csApiBan = false... 349 ms.
 Generating classes for service (4): csCrCtn. Conversational = false. Fields shared with csApiBan = false... 2282 ms.
 Generating classes for service (5): csActvCtn. Conversational = false. Fields shared with csApiBan = false... 2176 ms.
 Generating classes for service (6): arSuspBan. Conversational = false. Fields shared with csApiBan = false... 357 ms.
 Generating classes for service (7): csCnclCtn. Conversational = false. Fields shared with csApiBan = false... 415 ms.
 Generating classes for service (8): arCrMPym. Conversational = false. Fields shared with csApiBan = false... 586 ms.
 Generating classes for service (9): pnmImLoad. Conversational = false. Fields shared with csApiBan = false... 181 ms.
 Generating classes for service (10): blLsUBChg. Conversational = false. Fields shared with csApiBan = false... 667 ms.
 Generating classes for service (11): blLsSocLoan. Conversational = false. Fields shared with csApiBan = false... 450 ms.
 Generating classes for service (12): csValFandFLst. Conversational = false. Fields shared with csApiBan = false... 351 ms.
 Generating classes for service (13): cvRollback. Conversational = true. Fields shared with csApiBan = false... 207 ms.
 Generating classes for service (14): csMoveCtn. Conversational = false. Fields shared with csApiBan = false... 2315 ms.
 Generating classes for service (15): cvSvCtn. Conversational = true. Fields shared with csApiBan = true... 642 ms.
 Generating classes for service (16): csVldImei. Conversational = false. Fields shared with csApiBan = false... 199 ms.
 Generating classes for service (17): gnLsLnkSubs. Conversational = false. Fields shared with csApiBan = false... 283 ms.
 Generating classes for service (18): arRfndLs. Conversational = false. Fields shared with csApiBan = false... 453 ms.
 Generating classes for service (19): arLsBilPrm. Conversational = false. Fields shared with csApiBan = false... 514 ms.
 Generating classes for service (20): csLsSubPdp. Conversational = false. Fields shared with csApiBan = false... 217 ms.
 Generating classes for service (21): icAdjustIn. Conversational = false. Fields shared with csApiBan = false... 199 ms.
 Generating classes for service (22): csSvCrdWch. Conversational = false. Fields shared with csApiBan = false... 502 ms.
 Generating classes for service (23): arSvDisc. Conversational = false. Fields shared with csApiBan = false... 469 ms.
 Generating classes for service (24): csCallFrwd. Conversational = false. Fields shared with csApiBan = false... 347 ms.
 Generating classes for service (25): clGtColInfo. Conversational = false. Fields shared with csApiBan = false... 1234 ms.
 Generating classes for service (26): arCnclBan. Conversational = false. Fields shared with csApiBan = false... 450 ms.
 Generating classes for service (27): clGtColHist. Conversational = false. Fields shared with csApiBan = false... 348 ms.
 Generating classes for service (28): blGtBiPdfData. Conversational = false. Fields shared with csApiBan = false... 270 ms.
 Generating classes for service (29): blRprntReq. Conversational = false. Fields shared with csApiBan = false... 449 ms.
 Generating classes for service (30): csActvLoan. Conversational = false. Fields shared with csApiBan = false... 361 ms.
 Generating classes for service (31): mmLsBanFu. Conversational = false. Fields shared with csApiBan = false... 389 ms.
 Generating classes for service (32): pnmImHist. Conversational = false. Fields shared with csApiBan = false... 282 ms.
 Generating classes for service (33): blLsSubSum. Conversational = false. Fields shared with csApiBan = false... 233 ms.
 Generating classes for service (34): cvSvEsn. Conversational = true. Fields shared with csApiBan = true... 635 ms.
 Generating classes for service (35): gnLsLnkBans. Conversational = false. Fields shared with csApiBan = false... 250 ms.
 Generating classes for service (36): gnUpLnkEnt. Conversational = false. Fields shared with csApiBan = false... 1218 ms.
 Generating classes for service (37): arOpenBan. Conversational = false. Fields shared with csApiBan = false... 335 ms.
 Generating classes for service (38): csSrchAddInfo. Conversational = false. Fields shared with csApiBan = false... 328 ms.
 Generating classes for service (39): arGtCstBan. Conversational = false. Fields shared with csApiBan = false... 1386 ms.
 Generating classes for service (40): csGtCtn. Conversational = false. Fields shared with csApiBan = false... 1669 ms.
 Generating classes for service (41): csGtCtnInv. Conversational = false. Fields shared with csApiBan = false... 296 ms.
 Generating classes for service (42): gnLsUsrPrm. Conversational = false. Fields shared with csApiBan = false... 249 ms.
 Generating classes for service (43): arAdjBan. Conversational = false. Fields shared with csApiBan = false... 853 ms.
 Generating classes for service (44): csLsNpTrx. Conversational = false. Fields shared with csApiBan = false... 916 ms.
 Generating classes for service (45): cvSideEffect. Conversational = true. Fields shared with csApiBan = true... 281 ms.
 Generating classes for service (46): cvSvBan. Conversational = true. Fields shared with csApiBan = true... 770 ms.
 Generating classes for service (47): csLsDvcTrx. Conversational = false. Fields shared with csApiBan = false... 248 ms.
 Generating classes for service (48): csVldImeiIU. Conversational = false. Fields shared with csApiBan = false... 199 ms.
 Generating classes for service (49): arGtOcInfo. Conversational = false. Fields shared with csApiBan = false... 284 ms.
 Generating classes for service (50): arInCstBan. Conversational = false. Fields shared with csApiBan = false... 2629 ms.
 Generating classes for service (51): csSrchInvNo. Conversational = false. Fields shared with csApiBan = false... 389 ms.
 Generating classes for service (52): csSrchAgrNo. Conversational = false. Fields shared with csApiBan = false... 347 ms.
 Generating classes for service (53): csSrchCug. Conversational = false. Fields shared with csApiBan = false... 401 ms.
 Generating classes for service (54): csLsCtnEsn. Conversational = false. Fields shared with csApiBan = false... 501 ms.
 Generating classes for service (55): clManInt. Conversational = false. Fields shared with csApiBan = false... 885 ms.
 Generating classes for service (56): gnNodeAct. Conversational = false. Fields shared with csApiBan = false... 231 ms.
 Generating classes for service (57): gnChgDisc. Conversational = false. Fields shared with csApiBan = false... 334 ms.
 Generating classes for service (58): csActvMlCtn. Conversational = false. Fields shared with csApiBan = false... 1869 ms.
 Generating classes for service (59): mmGtMemo. Conversational = false. Fields shared with csApiBan = false... 413 ms.
 Generating classes for service (60): arPymActLs. Conversational = false. Fields shared with csApiBan = false... 267 ms.
 Generating classes for service (61): arMultCrd. Conversational = false. Fields shared with csApiBan = false... 751 ms.
 Generating classes for service (62): gnChgUtc. Conversational = false. Fields shared with csApiBan = false... 232 ms.
 Generating classes for service (63): mmOpenFu. Conversational = false. Fields shared with csApiBan = false... 367 ms.
 Generating classes for service (64): csSrchPym. Conversational = false. Fields shared with csApiBan = false... 483 ms.
 Generating classes for service (65): pnmImAoage. Conversational = false. Fields shared with csApiBan = false... 199 ms.
 Generating classes for service (66): pnmRsvRlsCtn. Conversational = false. Fields shared with csApiBan = false... 253 ms.
 Generating classes for service (67): csLsFandF. Conversational = false. Fields shared with csApiBan = false... 299 ms.
 Generating classes for service (68): csGtSimNr. Conversational = false. Fields shared with csApiBan = false... 416 ms.
 Generating classes for service (69): csLsSrvTrx. Conversational = false. Fields shared with csApiBan = false... 399 ms.
 Generating classes for service (70): arSvBanSvc. Conversational = false. Fields shared with csApiBan = false... 834 ms.
 Generating classes for service (71): csSrchSrlNo. Conversational = false. Fields shared with csApiBan = false... 317 ms.
 Generating classes for service (72): arSvBilPrm. Conversational = false. Fields shared with csApiBan = false... 1251 ms.
 Generating classes for service (73): csSrchOdBan. Conversational = false. Fields shared with csApiBan = false... 347 ms.
 Generating classes for service (74): csSrchSplTel. Conversational = false. Fields shared with csApiBan = false... 334 ms.
 Generating classes for service (75): arGtBan. Conversational = false. Fields shared with csApiBan = false... 868 ms.
 Generating classes for service (76): csGtOcSocAmt. Conversational = false. Fields shared with csApiBan = false... 182 ms.
 Generating classes for service (77): csChkValImp. Conversational = false. Fields shared with csApiBan = false... 270 ms.
 Generating classes for service (78): csVldPrmLmt. Conversational = false. Fields shared with csApiBan = false... 230 ms.
 Generating classes for service (79): csGetCtnNm. Conversational = false. Fields shared with csApiBan = false... 267 ms.
 Generating classes for service (80): arAdjCrg. Conversational = false. Fields shared with csApiBan = false... 585 ms.
 Generating classes for service (81): clUHldAuto. Conversational = false. Fields shared with csApiBan = false... 348 ms.
 Generating classes for service (82): clGtColPath. Conversational = false. Fields shared with csApiBan = false... 268 ms.
 Generating classes for service (83): mmInMemo. Conversational = false. Fields shared with csApiBan = false... 382 ms.
 Generating classes for service (84): csMoveMlCtn. Conversational = false. Fields shared with csApiBan = false... 417 ms.
 Generating classes for service (85): blLsBillList. Conversational = false. Fields shared with csApiBan = false... 201 ms.
 Generating classes for service (86): arGtpymMtd. Conversational = false. Fields shared with csApiBan = false... 333 ms.
 Generating classes for service (87): csRsCanCtn. Conversational = false. Fields shared with csApiBan = false... 1803 ms.
 Generating classes for service (88): gnUpNmAdr. Conversational = false. Fields shared with csApiBan = false... 1131 ms.
 Generating classes for service (89): csGtMsisdn. Conversational = false. Fields shared with csApiBan = false... 583 ms.
 Generating classes for service (90): csApiBan. Conversational = false. Fields shared with csApiBan = false... 3605 ms.
 Generating classes for service (91): arCrCrg. Conversational = false. Fields shared with csApiBan = false... 1194 ms.
 Generating classes for service (92): gnGtAdNmLnk. Conversational = false. Fields shared with csApiBan = false... 550 ms.
 Generating classes for service (93): csSrchCtrNo. Conversational = false. Fields shared with csApiBan = false... 400 ms.
 Generating classes for service (94): csSrchImsi. Conversational = false. Fields shared with csApiBan = false... 317 ms.
 Generating classes for service (95): csLsBanCtn. Conversational = false. Fields shared with csApiBan = false... 299 ms.
 Generating classes for service (96): csLsSrvFtr. Conversational = false. Fields shared with csApiBan = false... 349 ms.
 Generating classes for service (97): csCtnStCnt. Conversational = false. Fields shared with csApiBan = false... 138 ms.
 Generating classes for service (98): gnCopyHBan. Conversational = false. Fields shared with csApiBan = false... 346 ms.
 Generating classes for service (99): gnGtTreeBasic. Conversational = false. Fields shared with csApiBan = false... 351 ms.
 Generating classes for service (100): blBilHis. Conversational = false. Fields shared with csApiBan = false... 283 ms.
 Generating classes for service (101): arCloseBan. Conversational = false. Fields shared with csApiBan = false... 300 ms.
 Generating classes for service (102): csSuspCtn. Conversational = false. Fields shared with csApiBan = false... 351 ms.
 Generating classes for service (103): csSrchAdNm. Conversational = false. Fields shared with csApiBan = false... 349 ms.
 Generating classes for service (104): arInvcLs. Conversational = false. Fields shared with csApiBan = false... 374 ms.
 Generating classes for service (105): blGetFMSum. Conversational = false. Fields shared with csApiBan = false... 227 ms.
 Generating classes for service (106): pnmImUpd. Conversational = false. Fields shared with csApiBan = false... 216 ms.
 Generating classes for service (107): arSvPymArng. Conversational = false. Fields shared with csApiBan = false... 399 ms.
 Generating classes for service (108): blLsUBInfo. Conversational = false. Fields shared with csApiBan = false... 301 ms.
 Generating classes for service (109): blGtBilledChg. Conversational = false. Fields shared with csApiBan = false... 333 ms.
 Generating classes for service (110): csCrNpTrx. Conversational = false. Fields shared with csApiBan = false... 733 ms.
 Generating classes for service (111): csSvFandF. Conversational = false. Fields shared with csApiBan = false... 383 ms.
 Generating classes for service (112): cvCommit. Conversational = true. Fields shared with csApiBan = false... 185 ms.
 Generating classes for service (113): csGtDumSIM. Conversational = false. Fields shared with csApiBan = false... 750 ms.
 Generating classes for service (114): arLsBanFtr. Conversational = false. Fields shared with csApiBan = false... 416 ms.
 Generating classes for service (115): arLsDefFtr. Conversational = false. Fields shared with csApiBan = false... 416 ms.
 Generating classes for service (116): gnGtAdrItm. Conversational = false. Fields shared with csApiBan = false... 268 ms.
 Generating classes for service (117): gnGtLgclDt. Conversational = false. Fields shared with csApiBan = false... 149 ms.
 Generating classes for service (118): csLsSrvAgr. Conversational = false. Fields shared with csApiBan = false... 384 ms.
 Generating classes for service (119): csCtnClInf. Conversational = false. Fields shared with csApiBan = false... 317 ms.
 Generating classes for service (120): blGtNxUbCyc. Conversational = false. Fields shared with csApiBan = false... 117 ms.
 Generating classes for service (121): gnGtTree. Conversational = false. Fields shared with csApiBan = false... 439 ms.
 Generating classes for service (122): arRsSusBan. Conversational = false. Fields shared with csApiBan = false... 392 ms.
 Generating classes for service (123): blBiBuild. Conversational = false. Fields shared with csApiBan = false... 300 ms.
 Generating classes for service (124): csRsSusCtn. Conversational = false. Fields shared with csApiBan = false... 400 ms.
 Generating classes for service (125): csSrchNmPrm. Conversational = false. Fields shared with csApiBan = false... 269 ms.
 Generating classes for service (126): mmMemoLs. Conversational = false. Fields shared with csApiBan = false... 298 ms.
 Generating classes for service (127): mmUpMemo. Conversational = false. Fields shared with csApiBan = false... 299 ms.
 Generating classes for service (128): blGtContoInfo. Conversational = false. Fields shared with csApiBan = false... 301 ms.
 Generating classes for service (129): arBanPym. Conversational = false. Fields shared with csApiBan = false... 515 ms.
 Generating classes for service (130): blLsCallsDet. Conversational = false. Fields shared with csApiBan = false... 436 ms.
 Generating classes for service (131): csUpNamAdr. Conversational = false. Fields shared with csApiBan = false... 450 ms.
 Generating classes for service (132): cvSvCtnAgr. Conversational = true. Fields shared with csApiBan = true... 883 ms.
 Generating classes for service (133): arUpPymMtd. Conversational = false. Fields shared with csApiBan = false... 371 ms.
 Generating classes for service (134): csExpNpTrx. Conversational = false. Fields shared with csApiBan = false... 196 ms.
 Generating classes for service (135): arUpCstBan. Conversational = false. Fields shared with csApiBan = false... 1986 ms.
 Generating classes for service (136): arLsBanAgr. Conversational = false. Fields shared with csApiBan = false... 446 ms.
 Generating classes for service (137): arMoveBanLn. Conversational = false. Fields shared with csApiBan = false... 302 ms.
 Generating classes for service (138): gnChkAdrVld. Conversational = false. Fields shared with csApiBan = false... 214 ms.
 Generating classes for service (139): icObsSIM. Conversational = false. Fields shared with csApiBan = false... 184 ms.
 Generating classes for service (140): csGtOcAmt. Conversational = false. Fields shared with csApiBan = false... 201 ms.
 Generating classes for service (141): gnGetNl. Conversational = false. Fields shared with csApiBan = false... 231 ms.
 Generating classes for service (142): csGtWrkDate. Conversational = false. Fields shared with csApiBan = false... 218 ms.
 Generating classes for service (143): csChkMulti. Conversational = false. Fields shared with csApiBan = false... 267 ms.
 Generating classes for service (144): arLsDisc. Conversational = false. Fields shared with csApiBan = false... 250 ms.
 Generating classes for service (145): blChngCyc. Conversational = false. Fields shared with csApiBan = false... 399 ms.
 Generating classes for service (146): blGtCycPrd. Conversational = false. Fields shared with csApiBan = false... 235 ms.
 Generating classes for service (147): gnGetTreeInfo. Conversational = false. Fields shared with csApiBan = false... 249 ms.
 Generating classes for service (148): gnLsUtcDsc. Conversational = false. Fields shared with csApiBan = false... 251 ms.
 Generating classes for service (149): csRsvMlCtn. Conversational = false. Fields shared with csApiBan = false... 2152 ms.
 Generating classes for service (150): mmClosFu. Conversational = false. Fields shared with csApiBan = false... 214 ms.
 Generating classes for service (151): blGetImUsage. Conversational = false. Fields shared with csApiBan = false... 233 ms.
 Generating classes for service (152): arGtCurPA. Conversational = false. Fields shared with csApiBan = false... 317 ms.
 Generating classes for service (153): blGtBillDet. Conversational = false. Fields shared with csApiBan = false... 300 ms.
 Generating classes for service (154): csChgCtn. Conversational = false. Fields shared with csApiBan = false... 1904 ms.
 Generating classes for service (155): cvStart. Conversational = true. Fields shared with csApiBan = true... 180 ms.
 Generating classes for service (156): csSvPNP. Conversational = false. Fields shared with csApiBan = false... 400 ms.
 Generating classes for service (157): cvSvNmAdr. Conversational = true. Fields shared with csApiBan = true... 1183 ms.
 Generating classes for service (158): gnLsFtrTrx. Conversational = false. Fields shared with csApiBan = false... 443 ms.
 Generating classes for service (159): arLsDefAgr. Conversational = false. Fields shared with csApiBan = false... 552 ms.
 Generating classes for service (160): csSrchCtn. Conversational = false. Fields shared with csApiBan = false... 471 ms.
 Generating classes for service (161): csLsBnIdNum. Conversational = false. Fields shared with csApiBan = false... 581 ms.
 Generating classes for service (162): csSrchBan. Conversational = false. Fields shared with csApiBan = false... 497 ms.
 Generating classes for service (163): csGtSplTlFtr. Conversational = false. Fields shared with csApiBan = false... 249 ms.
 Generating classes for service (164): csChkSubNo. Conversational = false. Fields shared with csApiBan = false... 374 ms.
 Generating classes for service (165): csRelsCtn. Conversational = false. Fields shared with csApiBan = false... 1464 ms.
 Generating classes for service (166): csAssignRsrc. Conversational = false. Fields shared with csApiBan = false... 435 ms.
 Generating classes for service (167): csLsOrd. Conversational = false. Fields shared with csApiBan = false... 483 ms.
 Generating classes for service (168): csLsOrdDtls. Conversational = false. Fields shared with csApiBan = false... 836 ms.
 Generating classes for service (169): csInsOrd. Conversational = false. Fields shared with csApiBan = false... 1133 ms.
 Generating classes for service (170): csLsOrdLines. Conversational = false. Fields shared with csApiBan = false... 399 ms.
 Generating classes for service (171): arHndlSocCrg. Conversational = false. Fields shared with csApiBan = false... 531 ms.
 Generating classes for service (172): csLsAvlRngs. Conversational = false. Fields shared with csApiBan = false... 568 ms.
 Generating classes for service (173): csMoveSubLn. Conversational = false. Fields shared with csApiBan = false... 458 ms.
 Generating classes for service (174): arLsOrdPym. Conversational = false. Fields shared with csApiBan = false... 403 ms.
 Generating classes for service (175): arCrOrdPym. Conversational = false. Fields shared with csApiBan = false... 339 ms.
 Generating classes for service (176): csGtSubRank. Conversational = false. Fields shared with csApiBan = false... 384 ms.
 Generating classes for service (177): csUpSubRank. Conversational = false. Fields shared with csApiBan = false... 477 ms.
 Generating classes for service (178): csLsOrgDep. Conversational = false. Fields shared with csApiBan = false... 372 ms.
 Generating classes for service (179): csSvOrgData. Conversational = false. Fields shared with csApiBan = false... 368 ms.
 Generating classes for service (180): csChkSubSts. Conversational = false. Fields shared with csApiBan = false... 362 ms.
 Generating classes for service (181): csSvOrgPabx. Conversational = false. Fields shared with csApiBan = false... 689 ms.
 Generating classes for service (182): csLsOrgData. Conversational = false. Fields shared with csApiBan = false... 348 ms.
 Generating classes for service (183): csGtLastOrgCd. Conversational = false. Fields shared with csApiBan = false... 200 ms.
 Generating classes for service (184): csSvOrgDep. Conversational = false. Fields shared with csApiBan = false... 400 ms.
 Generating classes for service (185): csGtSubPbxRng. Conversational = false. Fields shared with csApiBan = false... 258 ms.
 Generating classes for service (186): csLsPabxByNl. Conversational = false. Fields shared with csApiBan = false... 272 ms.
 Generating classes for service (187): csSvPabxRng. Conversational = false. Fields shared with csApiBan = false... 525 ms.
 Generating classes for service (188): csSvPabxNl. Conversational = false. Fields shared with csApiBan = false... 347 ms.
 Generating classes for service (189): csLsPabxRng. Conversational = false. Fields shared with csApiBan = false... 348 ms.
 Generating classes for service (190): csLsDlrPabxNl. Conversational = false. Fields shared with csApiBan = false... 251 ms.
 Generating classes for service (191): csLsPabxNoNl. Conversational = false. Fields shared with csApiBan = false... 265 ms.
 Generating classes for service (192): csLsOrgPabx. Conversational = false. Fields shared with csApiBan = false... 415 ms.
 Generating classes for service (193): csGtLastPbxId. Conversational = false. Fields shared with csApiBan = false... 202 ms.
 Generating classes for service (194): csGtLeadNo. Conversational = false. Fields shared with csApiBan = false... 317 ms.
 Generating classes for service (195): csLsPabxNl. Conversational = false. Fields shared with csApiBan = false... 332 ms.
Total execution time (ms): 102524
