Processing file 1 - /Users/hakgu/Projects/svn/ninja-tuxedo-generation-hgu/1_v_files/pbl_cycle_c32_v.v
Processing file 2 - /Users/hakgu/Projects/svn/ninja-tuxedo-generation-hgu/1_v_files/pgn_tree_addact_c32_v.v
Processing file 3 - /Users/hakgu/Projects/svn/ninja-tuxedo-generation-hgu/1_v_files/pcs_envact_c32_v.v
Processing file 4 - /Users/hakgu/Projects/svn/ninja-tuxedo-generation-hgu/1_v_files/psec_secur_c32_v.v
Processing file 5 - /Users/hakgu/Projects/svn/ninja-tuxedo-generation-hgu/1_v_files/par_adj_c32_v.v
Processing file 6 - /Users/hakgu/Projects/svn/ninja-tuxedo-generation-hgu/1_v_files/pgn_hist_c32_v.v
Processing file 7 - /Users/hakgu/Projects/svn/ninja-tuxedo-generation-hgu/1_v_files/pcl_coll_c32_v.v
Processing file 8 - /Users/hakgu/Projects/svn/ninja-tuxedo-generation-hgu/1_v_files/pgn_hbilling_c32_v.v
Processing file 9 - /Users/hakgu/Projects/svn/ninja-tuxedo-generation-hgu/1_v_files/par_banact_c32_v.v
Processing file 10 - /Users/hakgu/Projects/svn/ninja-tuxedo-generation-hgu/1_v_files/pbl_blim_c32_v.v
Processing file 11 - /Users/hakgu/Projects/svn/ninja-tuxedo-generation-hgu/1_v_files/pcs_ctnact_c32_v.v
Processing file 12 - /Users/hakgu/Projects/svn/ninja-tuxedo-generation-hgu/1_v_files/pmm_followup_c32_v.v
Processing file 13 - /Users/hakgu/Projects/svn/ninja-tuxedo-generation-hgu/1_v_files/pcl_inv_coll_c32_v.v
Processing file 14 - /Users/hakgu/Projects/svn/ninja-tuxedo-generation-hgu/1_v_files/pmm_memo_c32_v.v
Processing file 15 - /Users/hakgu/Projects/svn/ninja-tuxedo-generation-hgu/1_v_files/pcs_srchspcl_c32_v.v
Processing file 16 - /Users/hakgu/Projects/svn/ninja-tuxedo-generation-hgu/1_v_files/pgn_ws_c32_v.v
Processing file 17 - /Users/hakgu/Projects/svn/ninja-tuxedo-generation-hgu/1_v_files/pbl_usage_c32_v.v
Processing file 18 - /Users/hakgu/Projects/svn/ninja-tuxedo-generation-hgu/1_v_files/par_pym_c32_v.v
Processing file 19 - /Users/hakgu/Projects/svn/ninja-tuxedo-generation-hgu/1_v_files/pcs_orgpabx_c32_v.v
Processing file 20 - /Users/hakgu/Projects/svn/ninja-tuxedo-generation-hgu/1_v_files/pnm_im_gn_c32_v.v
Processing file 21 - /Users/hakgu/Projects/svn/ninja-tuxedo-generation-hgu/1_v_files/pcs_multi_activities_c32_v.v
Processing file 22 - /Users/hakgu/Projects/svn/ninja-tuxedo-generation-hgu/1_v_files/par_pymarr_c32_v.v
Processing file 23 - /Users/hakgu/Projects/svn/ninja-tuxedo-generation-hgu/1_v_files/pcs_ivr_c32_v.v
Processing file 24 - /Users/hakgu/Projects/svn/ninja-tuxedo-generation-hgu/1_v_files/pbl_bil_c32_v.v
Processing file 25 - /Users/hakgu/Projects/svn/ninja-tuxedo-generation-hgu/1_v_files/pcs_prepaid_c32_v.v
Processing file 26 - /Users/hakgu/Projects/svn/ninja-tuxedo-generation-hgu/1_v_files/pic_inventory_c32_v.v
Processing file 27 - /Users/hakgu/Projects/svn/ninja-tuxedo-generation-hgu/1_v_files/pgn_test_c32_v.v
Processing file 28 - /Users/hakgu/Projects/svn/ninja-tuxedo-generation-hgu/1_v_files/pcs_pp_c32_v.v
Processing file 29 - /Users/hakgu/Projects/svn/ninja-tuxedo-generation-hgu/1_v_files/pgn_utils_c32_v.v
Processing file 30 - /Users/hakgu/Projects/svn/ninja-tuxedo-generation-hgu/1_v_files/par_charge_c32_v.v
Processing file 31 - /Users/hakgu/Projects/svn/ninja-tuxedo-generation-hgu/1_v_files/par_banagr_c32_v.v
Processing file 32 - /Users/hakgu/Projects/svn/ninja-tuxedo-generation-hgu/1_v_files/par_ban_c32_v.v
Processing file 33 - /Users/hakgu/Projects/svn/ninja-tuxedo-generation-hgu/1_v_files/pcs_bg_cdg_c32_v.v
Processing file 34 - /Users/hakgu/Projects/svn/ninja-tuxedo-generation-hgu/1_v_files/pgn_ftrtrx_c32_v.v
Processing file 35 - /Users/hakgu/Projects/svn/ninja-tuxedo-generation-hgu/1_v_files/pcs_srch_c32_v.v
Processing file 36 - /Users/hakgu/Projects/svn/ninja-tuxedo-generation-hgu/1_v_files/pgn_serv_c32_v.v
Processing file 37 - /Users/hakgu/Projects/svn/ninja-tuxedo-generation-hgu/1_v_files/pcs_apifldr_c32_v.v
Processing file 38 - /Users/hakgu/Projects/svn/ninja-tuxedo-generation-hgu/1_v_files/pgn_link_ent_c32_v.v
Processing file 39 - /Users/hakgu/Projects/svn/ninja-tuxedo-generation-hgu/1_v_files/pcs_msisdn_c32_v.v
Processing file 40 - /Users/hakgu/Projects/svn/ninja-tuxedo-generation-hgu/1_v_files/pcs_npctrl_c32_v.v
Processing file 41 - /Users/hakgu/Projects/svn/ninja-tuxedo-generation-hgu/1_v_files/pcs_umagrps_c32_v.v
Processing file 42 - /Users/hakgu/Projects/svn/ninja-tuxedo-generation-hgu/1_v_files/pcs_ctnaddact_c32_v.v
Processing file 43 - /Users/hakgu/Projects/svn/ninja-tuxedo-generation-hgu/1_v_files/pcs_cw_sus_c32_v.v
Processing file 44 - /Users/hakgu/Projects/svn/ninja-tuxedo-generation-hgu/1_v_files/pif_crd_valid_c32_v.v
Processing file 45 - /Users/hakgu/Projects/svn/ninja-tuxedo-generation-hgu/1_v_files/pcs_frndfml_c32_v.v
Processing file 46 - /Users/hakgu/Projects/svn/ninja-tuxedo-generation-hgu/1_v_files/pcs_ole_c32_v.v
Processing file 47 - /Users/hakgu/Projects/svn/ninja-tuxedo-generation-hgu/1_v_files/pcs_cv_request_c32_v.v
Processing file 48 - /Users/hakgu/Projects/svn/ninja-tuxedo-generation-hgu/1_v_files/pic_item_c32_v.v
Processing file 49 - /Users/hakgu/Projects/svn/ninja-tuxedo-generation-hgu/1_v_files/pcv_fldrsvc_c32_v.v
Processing file 50 - /Users/hakgu/Projects/svn/ninja-tuxedo-generation-hgu/1_v_files/par_addaract_c32_v.v
Processing file 51 - /Users/hakgu/Projects/svn/ninja-tuxedo-generation-hgu/1_v_files/pcs_ctn_c32_v.v
Processing file 52 - /Users/hakgu/Projects/svn/ninja-tuxedo-generation-hgu/1_v_files/par_disc_c32_v.v
Finished processing files
