Starting File 1 - /Users/hakgu/Projects/svn/ninja-tuxedo-generation-hgu/1_v_files/pbl_cycle_c32_v.v
Loading service 1: blGtExpBil, IN buffer
Loading service 1: blGtExpBil, OUT buffer
Loading service 2: blCanExpBil, IN buffer
Loading service 2: blCanExpBil, OUT buffer
Loading service 3: blGtCycLs, IN buffer
Loading service 3: blGtCycLs, OUT buffer
Loading service 4: blChngCyc, IN buffer
Loading service 4: blChngCyc, OUT buffer
Loading service 5: blGtCycle, IN buffer
Loading service 5: blGtCycle, OUT buffer
Loading service 6: blGtCycPrd, IN buffer
Loading service 6: blGtCycPrd, OUT buffer
Loading service 7: blGtAllCyc, IN buffer
Loading service 7: blGtAllCyc, OUT buffer
Loading service 8: blGtStCyDt, IN buffer
Loading service 8: blGtStCyDt, OUT buffer
Loading service 9: blCycCntLs, IN buffer
Loading service 9: blCycCntLs, OUT buffer
Loading service 10: blGtNxUbCyc, IN buffer
Loading service 10: blGtNxUbCyc, OUT buffer
Starting File 2 - /Users/hakgu/Projects/svn/ninja-tuxedo-generation-hgu/1_v_files/pgn_tree_addact_c32_v.v
Loading service 11: gnCopyHBan, IN buffer
Loading service 11: gnCopyHBan, OUT buffer
Loading service 12: gnGetTreeInfo, IN buffer
Loading service 12: gnGetTreeInfo, OUT buffer
Starting File 3 - /Users/hakgu/Projects/svn/ninja-tuxedo-generation-hgu/1_v_files/pcs_envact_c32_v.v
Loading service 13: csEnvActCtn, IN buffer
Loading service 13: csEnvActCtn, OUT buffer
Loading service 14: csGtProvQue, IN buffer
Loading service 14: csGtProvQue, OUT buffer
Loading service 15: csEnvActCDA, IN buffer
Loading service 15: csEnvActCDA, OUT buffer
Loading service 16: csGtAddIf, IN buffer
Loading service 16: csGtAddIf, OUT buffer
Loading service 17: csUpAddIf, IN buffer
Loading service 17: csUpAddIf, OUT buffer
Loading service 18: csCallFrwd, IN buffer
Loading service 18: csCallFrwd, OUT buffer
Loading service 19: csInsOrd, IN buffer
Loading service 19: csInsOrd, OUT buffer
Loading service 20: csLsOrd, IN buffer
Loading service 20: csLsOrd, OUT buffer
Loading service 21: csLsOrdDtls, IN buffer
Loading service 21: csLsOrdDtls, OUT buffer
Loading service 22: csLsOrdLines, IN buffer
Loading service 22: csLsOrdLines, OUT buffer
Starting File 4 - /Users/hakgu/Projects/svn/ninja-tuxedo-generation-hgu/1_v_files/psec_secur_c32_v.v
Loading service 23: gnLoginback, IN buffer
Loading service 23: gnLoginback, OUT buffer
Loading service 24: gnInsrtLog, IN buffer
Loading service 24: gnInsrtLog, OUT buffer
Loading service 25: gnCrUsrSess, IN buffer
Loading service 25: gnCrUsrSess, OUT buffer
Loading service 26: gnCloseSess, IN buffer
Loading service 26: gnCloseSess, OUT buffer
Loading service 27: gnSndStamp, IN buffer
Loading service 27: gnSndStamp, OUT buffer
Loading service 28: gnLoginChk, IN buffer
Loading service 28: gnLoginChk, OUT buffer
Loading service 29: gnGtAcMode, IN buffer
Loading service 29: gnGtAcMode, OUT buffer
Loading service 30: gnGtPrfInf, IN buffer
Loading service 30: gnGtPrfInf, OUT buffer
Loading service 31: gnGtEncPwd, IN buffer
Loading service 31: gnGtEncPwd, OUT buffer
Loading service 32: gnVerUser, IN buffer
Loading service 32: gnVerUser, OUT buffer
Loading service 33: gnGtApplic, IN buffer
Loading service 33: gnGtApplic, OUT buffer
Loading service 34: gnChgPass, IN buffer
Loading service 34: gnChgPass, OUT buffer
Loading service 35: gnGtLclDb, IN buffer
Loading service 35: gnGtLclDb, OUT buffer
Loading service 36: gnLsUsrPrm, IN buffer
Loading service 36: gnLsUsrPrm, OUT buffer
Loading service 37: gnGtWsn, IN buffer
Loading service 37: gnGtWsn, OUT buffer
Loading service 38: gnLsGrpEnv, IN buffer
Loading service 38: gnLsGrpEnv, OUT buffer
Loading service 39: gnLsGrpMst, IN buffer
Loading service 39: gnLsGrpMst, OUT buffer
Loading service 40: gnGetEnvCd, IN buffer
Loading service 40: gnGetEnvCd, OUT buffer
Loading service 41: gnGtUsrDet, IN buffer
Loading service 41: gnGtUsrDet, OUT buffer
Loading service 42: gnGtLoginPrm, IN buffer
Loading service 42: gnGtLoginPrm, OUT buffer
Loading service 43: gnGtGenSecPrm, IN buffer
Loading service 43: gnGtGenSecPrm, OUT buffer
Loading service 44: gnDupUsrChk, IN buffer
Loading service 44: gnDupUsrChk, OUT buffer
Loading service 45: gnFreeSusp, IN buffer
Loading service 45: gnFreeSusp, OUT buffer
Loading service 46: gnGtUser, IN buffer
Loading service 46: gnGtUser, OUT buffer
Loading service 47: gnGtEnvWsn, IN buffer
Loading service 47: gnGtEnvWsn, OUT buffer
Starting File 5 - /Users/hakgu/Projects/svn/ninja-tuxedo-generation-hgu/1_v_files/par_adj_c32_v.v
Loading service 48: arAdjHisLs, IN buffer
Loading service 48: arAdjHisLs, OUT buffer
Loading service 49: arAdjCrg, IN buffer
Loading service 49: arAdjCrg, OUT buffer
Loading service 50: arAdjBan, IN buffer
Loading service 50: arAdjBan, OUT buffer
Loading service 51: arAdjCalls, IN buffer
Loading service 51: arAdjCalls, OUT buffer
Loading service 52: arBnTxAdj, IN buffer
Loading service 52: arBnTxAdj, OUT buffer
Loading service 53: arCtnTxAdj, IN buffer
Loading service 53: arCtnTxAdj, OUT buffer
Loading service 54: arAdjEnv, IN buffer
Loading service 54: arAdjEnv, OUT buffer
Loading service 55: arDlAdj, IN buffer
Loading service 55: arDlAdj, OUT buffer
Loading service 56: arAdjRvrs, IN buffer
Loading service 56: arAdjRvrs, OUT buffer
Loading service 57: arMultCrd, IN buffer
Loading service 57: arMultCrd, OUT buffer
Loading service 58: arGtDispInfo, IN buffer
Loading service 58: arGtDispInfo, OUT buffer
Loading service 59: arDisputeCre, IN buffer
Loading service 59: arDisputeCre, OUT buffer
Loading service 60: arDisputeRej, IN buffer
Loading service 60: arDisputeRej, OUT buffer
Loading service 61: arImmMnNote, IN buffer
Loading service 61: arImmMnNote, OUT buffer
Loading service 62: arMultCrdRvrs, IN buffer
Loading service 62: arMultCrdRvrs, OUT buffer
Loading service 63: arGtFinAmt, IN buffer
Loading service 63: arGtFinAmt, OUT buffer
Starting File 6 - /Users/hakgu/Projects/svn/ninja-tuxedo-generation-hgu/1_v_files/pgn_hist_c32_v.v
Loading service 64: gnLsEsnHst, IN buffer
Loading service 64: gnLsEsnHst, OUT buffer
Loading service 65: gnLsAgrHst, IN buffer
Loading service 65: gnLsAgrHst, OUT buffer
Loading service 66: gnLsCtnHst, IN buffer
Loading service 66: gnLsCtnHst, OUT buffer
Loading service 67: gnLsCntHst, IN buffer
Loading service 67: gnLsCntHst, OUT buffer
Loading service 68: gnGtPendAmt, IN buffer
Loading service 68: gnGtPendAmt, OUT buffer
Loading service 69: gnLsUsgHist, IN buffer
Loading service 69: gnLsUsgHist, OUT buffer
Loading service 70: gnLsClInv, IN buffer
Loading service 70: gnLsClInv, OUT buffer
Loading service 71: gnLsClInvPay, IN buffer
Loading service 71: gnLsClInvPay, OUT buffer
Loading service 72: gnLsCmpHst, IN buffer
Loading service 72: gnLsCmpHst, OUT buffer
Starting File 7 - /Users/hakgu/Projects/svn/ninja-tuxedo-generation-hgu/1_v_files/pcl_coll_c32_v.v
Loading service 73: clGtColInfo, IN buffer
Loading service 73: clGtColInfo, OUT buffer
Loading service 74: clUWriteOff, IN buffer
Loading service 74: clUWriteOff, OUT buffer
Loading service 75: clUHldAuto, IN buffer
Loading service 75: clUHldAuto, OUT buffer
Loading service 76: clUStpAprv, IN buffer
Loading service 76: clUStpAprv, OUT buffer
Loading service 77: clUAgnAssn, IN buffer
Loading service 77: clUAgnAssn, OUT buffer
Loading service 78: clICrdClss, IN buffer
Loading service 78: clICrdClss, OUT buffer
Loading service 79: clGtColPath, IN buffer
Loading service 79: clGtColPath, OUT buffer
Loading service 80: clGtColHist, IN buffer
Loading service 80: clGtColHist, OUT buffer
Loading service 81: clGtCrdHist, IN buffer
Loading service 81: clGtCrdHist, OUT buffer
Loading service 82: clManInt, IN buffer
Loading service 82: clManInt, OUT buffer
Starting File 8 - /Users/hakgu/Projects/svn/ninja-tuxedo-generation-hgu/1_v_files/pgn_hbilling_c32_v.v
Loading service 83: gnNodeAct, IN buffer
Loading service 83: gnNodeAct, OUT buffer
Loading service 84: gnGtTree, IN buffer
Loading service 84: gnGtTree, OUT buffer
Loading service 85: gnChgUtc, IN buffer
Loading service 85: gnChgUtc, OUT buffer
Loading service 86: gnLsUtcDsc, IN buffer
Loading service 86: gnLsUtcDsc, OUT buffer
Loading service 87: gnGtUtcDsc, IN buffer
Loading service 87: gnGtUtcDsc, OUT buffer
Loading service 88: gnChgDisc, IN buffer
Loading service 88: gnChgDisc, OUT buffer
Loading service 89: gnGtTreeBasic, IN buffer
Loading service 89: gnGtTreeBasic, OUT buffer
Loading service 90: gnUpSelfUtc, IN buffer
Loading service 90: gnUpSelfUtc, OUT buffer
Loading service 91: gnGbSelfUtc, IN buffer
Loading service 91: gnGbSelfUtc, OUT buffer
Starting File 9 - /Users/hakgu/Projects/svn/ninja-tuxedo-generation-hgu/1_v_files/par_banact_c32_v.v
Loading service 92: arCnclBan, IN buffer
Loading service 92: arCnclBan, OUT buffer
Loading service 93: arSuspBan, IN buffer
Loading service 93: arSuspBan, OUT buffer
Loading service 94: arRsSusBan, IN buffer
Loading service 94: arRsSusBan, OUT buffer
Loading service 95: arCloseBan, IN buffer
Loading service 95: arCloseBan, OUT buffer
Starting File 10 - /Users/hakgu/Projects/svn/ninja-tuxedo-generation-hgu/1_v_files/pbl_blim_c32_v.v
Loading service 96: blBiBuild, IN buffer
Loading service 96: blBiBuild, OUT buffer
Loading service 97: blGtBiPage, IN buffer
Loading service 97: blGtBiPage, OUT buffer
Loading service 98: blGtBiBlk, IN buffer
Loading service 98: blGtBiBlk, OUT buffer
Loading service 99: blRprntReq, IN buffer
Loading service 99: blRprntReq, OUT buffer
Loading service 100: blBilHis, IN buffer
Loading service 100: blBilHis, OUT buffer
Loading service 101: blGtBiPdfData, IN buffer
Loading service 101: blGtBiPdfData, OUT buffer
Starting File 11 - /Users/hakgu/Projects/svn/ninja-tuxedo-generation-hgu/1_v_files/pcs_ctnact_c32_v.v
Loading service 102: csCrCtn, IN buffer
Loading service 102: csCrCtn, OUT buffer
Loading service 103: csActvCtn, IN buffer
Loading service 103: csActvCtn, OUT buffer
Loading service 104: csCnclCtn, IN buffer
Loading service 104: csCnclCtn, OUT buffer
Loading service 105: csSuspCtn, IN buffer
Loading service 105: csSuspCtn, OUT buffer
Loading service 106: csRsSusCtn, IN buffer
Loading service 106: csRsSusCtn, OUT buffer
Loading service 107: csRsMulSusCtn, IN buffer
Loading service 107: csRsMulSusCtn, OUT buffer
Loading service 108: csActvMlCtn, IN buffer
Loading service 108: csActvMlCtn, OUT buffer
Loading service 109: csRsvMlCtn, IN buffer
Loading service 109: csRsvMlCtn, OUT buffer
Loading service 110: csCrPrePaid, IN buffer
Loading service 110: csCrPrePaid, OUT buffer
Loading service 111: csCrIspPswd, IN buffer
Loading service 111: csCrIspPswd, OUT buffer
Loading service 112: csActvLoan, IN buffer
Loading service 112: csActvLoan, OUT buffer
Starting File 12 - /Users/hakgu/Projects/svn/ninja-tuxedo-generation-hgu/1_v_files/pmm_followup_c32_v.v
Loading service 113: mmLsBanFu, IN buffer
Loading service 113: mmLsBanFu, OUT buffer
Loading service 114: mmLsWpFu, IN buffer
Loading service 114: mmLsWpFu, OUT buffer
Loading service 115: mmFuHand, IN buffer
Loading service 115: mmFuHand, OUT buffer
Loading service 116: mmOpenFu, IN buffer
Loading service 116: mmOpenFu, OUT buffer
Loading service 117: mmClosFu, IN buffer
Loading service 117: mmClosFu, OUT buffer
Loading service 118: mmByPsFu, IN buffer
Loading service 118: mmByPsFu, OUT buffer
Loading service 119: mmChAsFu, IN buffer
Loading service 119: mmChAsFu, OUT buffer
Loading service 120: mmChDuFu, IN buffer
Loading service 120: mmChDuFu, OUT buffer
Loading service 121: mmLsFnWp, IN buffer
Loading service 121: mmLsFnWp, OUT buffer
Loading service 122: mmLsSuWp, IN buffer
Loading service 122: mmLsSuWp, OUT buffer
Loading service 123: mmLsMnFu, IN buffer
Loading service 123: mmLsMnFu, OUT buffer
Loading service 124: mmGtFuCnt, IN buffer
Loading service 124: mmGtFuCnt, OUT buffer
Loading service 125: mmLsOrgTr, IN buffer
Loading service 125: mmLsOrgTr, OUT buffer
Loading service 126: mmGtFollup, IN buffer
Loading service 126: mmGtFollup, OUT buffer
Loading service 127: mmGtFuInd, IN buffer
Loading service 127: mmGtFuInd, OUT buffer
Starting File 13 - /Users/hakgu/Projects/svn/ninja-tuxedo-generation-hgu/1_v_files/pcl_inv_coll_c32_v.v
Loading service 128: clGtMultCol, IN buffer
Loading service 128: clGtMultCol, OUT buffer
Loading service 129: clGbInvCol, IN buffer
Loading service 129: clGbInvCol, OUT buffer
Loading service 130: clManActv, IN buffer
Loading service 130: clManActv, OUT buffer
Loading service 131: clUHldAutoTr, IN buffer
Loading service 131: clUHldAutoTr, OUT buffer
Loading service 132: clUIStpAprv, IN buffer
Loading service 132: clUIStpAprv, OUT buffer
Loading service 133: clUIAgnAssn, IN buffer
Loading service 133: clUIAgnAssn, OUT buffer
Starting File 14 - /Users/hakgu/Projects/svn/ninja-tuxedo-generation-hgu/1_v_files/pmm_memo_c32_v.v
Loading service 134: mmGtMemo, IN buffer
Loading service 134: mmGtMemo, OUT buffer
Loading service 135: mmMemoLs, IN buffer
Loading service 135: mmMemoLs, OUT buffer
Loading service 136: mmInMemo, IN buffer
Loading service 136: mmInMemo, OUT buffer
Loading service 137: mmUpMemo, IN buffer
Loading service 137: mmUpMemo, OUT buffer
Loading service 138: mmGtLsMemo, IN buffer
Loading service 138: mmGtLsMemo, OUT buffer
Loading service 139: mmMemoFuLs, IN buffer
Loading service 139: mmMemoFuLs, OUT buffer
Loading service 140: mmCrLtr, IN buffer
Loading service 140: mmCrLtr, OUT buffer
Loading service 141: mmCrLtrMemo, IN buffer
Loading service 141: mmCrLtrMemo, OUT buffer
Loading service 142: mmUpLtrReq, IN buffer
Loading service 142: mmUpLtrReq, OUT buffer
Loading service 143: mmLsLtrReq, IN buffer
Loading service 143: mmLsLtrReq, OUT buffer
Loading service 144: mmLsSrchHis, IN buffer
Loading service 144: mmLsSrchHis, OUT buffer
Loading service 145: mmSvSrchHis, IN buffer
Loading service 145: mmSvSrchHis, OUT buffer
Starting File 15 - /Users/hakgu/Projects/svn/ninja-tuxedo-generation-hgu/1_v_files/pcs_srchspcl_c32_v.v
Loading service 146: csSrchPym, IN buffer
Loading service 146: csSrchPym, OUT buffer
Loading service 147: csSrchAdNm, IN buffer
Loading service 147: csSrchAdNm, OUT buffer
Loading service 148: csSrchNmPrm, IN buffer
Loading service 148: csSrchNmPrm, OUT buffer
Loading service 149: csSrchMidNam, IN buffer
Loading service 149: csSrchMidNam, OUT buffer
Starting File 16 - /Users/hakgu/Projects/svn/ninja-tuxedo-generation-hgu/1_v_files/pgn_ws_c32_v.v
Loading service 150: gnGtWsSet, IN buffer
Loading service 150: gnGtWsSet, OUT buffer
Loading service 151: gnSvWsSet, IN buffer
Loading service 151: gnSvWsSet, OUT buffer
Loading service 152: gnUpWsIpAd, IN buffer
Loading service 152: gnUpWsIpAd, OUT buffer
Loading service 153: gnLsWsPrnt, IN buffer
Loading service 153: gnLsWsPrnt, OUT buffer
Loading service 154: gnSvWsPrnt, IN buffer
Loading service 154: gnSvWsPrnt, OUT buffer
Loading service 155: gnLsWsReg, IN buffer
Loading service 155: gnLsWsReg, OUT buffer
Starting File 17 - /Users/hakgu/Projects/svn/ninja-tuxedo-generation-hgu/1_v_files/pbl_usage_c32_v.v
Loading service 156: blUnbilMs, IN buffer
Loading service 156: blUnbilMs, OUT buffer
Loading service 157: blBilCtnMs, IN buffer
Loading service 157: blBilCtnMs, OUT buffer
Loading service 158: blGtMsgDtl, IN buffer
Loading service 158: blGtMsgDtl, OUT buffer
Loading service 159: blDlUnbCal, IN buffer
Loading service 159: blDlUnbCal, OUT buffer
Loading service 160: blGtBlimMs, IN buffer
Loading service 160: blGtBlimMs, OUT buffer
Loading service 161: blAcUsage, IN buffer
Loading service 161: blAcUsage, OUT buffer
Loading service 162: blBestPp, IN buffer
Loading service 162: blBestPp, OUT buffer
Loading service 163: blBstPpAvg, IN buffer
Loading service 163: blBstPpAvg, OUT buffer
Loading service 164: blGetRefill, IN buffer
Loading service 164: blGetRefill, OUT buffer
Loading service 165: blGetImUsage, IN buffer
Loading service 165: blGetImUsage, OUT buffer
Loading service 166: blGtContoInfo, IN buffer
Loading service 166: blGtContoInfo, OUT buffer
Loading service 167: blGtConto, IN buffer
Loading service 167: blGtConto, OUT buffer
Loading service 168: blGetFMSum, IN buffer
Loading service 168: blGetFMSum, OUT buffer
Loading service 169: blLsUnpaidUsg, IN buffer
Loading service 169: blLsUnpaidUsg, OUT buffer
Starting File 18 - /Users/hakgu/Projects/svn/ninja-tuxedo-generation-hgu/1_v_files/par_pym_c32_v.v
Loading service 170: arBanPym, IN buffer
Loading service 170: arBanPym, OUT buffer
Loading service 171: arPymBck, IN buffer
Loading service 171: arPymBck, OUT buffer
Loading service 172: arPymFndTr, IN buffer
Loading service 172: arPymFndTr, OUT buffer
Loading service 173: arInvcLs, IN buffer
Loading service 173: arInvcLs, OUT buffer
Loading service 174: arPymActLs, IN buffer
Loading service 174: arPymActLs, OUT buffer
Loading service 175: arLsDepo, IN buffer
Loading service 175: arLsDepo, OUT buffer
Loading service 176: arCrDepo, IN buffer
Loading service 176: arCrDepo, OUT buffer
Loading service 177: arClDpIntr, IN buffer
Loading service 177: arClDpIntr, OUT buffer
Loading service 178: arDepoRet, IN buffer
Loading service 178: arDepoRet, OUT buffer
Loading service 179: arSpltDepo, IN buffer
Loading service 179: arSpltDepo, OUT buffer
Loading service 180: arCrMPym, IN buffer
Loading service 180: arCrMPym, OUT buffer
Loading service 181: arCrMemPym, IN buffer
Loading service 181: arCrMemPym, OUT buffer
Loading service 182: arCnclDep, IN buffer
Loading service 182: arCnclDep, OUT buffer
Loading service 183: arSvPmAdNm, IN buffer
Loading service 183: arSvPmAdNm, OUT buffer
Loading service 184: arPymInvLs, IN buffer
Loading service 184: arPymInvLs, OUT buffer
Loading service 185: arGtDepInf, IN buffer
Loading service 185: arGtDepInf, OUT buffer
Loading service 186: arUpDepo, IN buffer
Loading service 186: arUpDepo, OUT buffer
Loading service 187: arGtPymByVch, IN buffer
Loading service 187: arGtPymByVch, OUT buffer
Loading service 188: arInvPymList, IN buffer
Loading service 188: arInvPymList, OUT buffer
Loading service 189: arCrOrdPym, IN buffer
Loading service 189: arCrOrdPym, OUT buffer
Loading service 190: arLsOrdPym, IN buffer
Loading service 190: arLsOrdPym, OUT buffer
Starting File 19 - /Users/hakgu/Projects/svn/ninja-tuxedo-generation-hgu/1_v_files/pcs_orgpabx_c32_v.v
Loading service 191: csLsOrgDep, IN buffer
Loading service 191: csLsOrgDep, OUT buffer
Loading service 192: csLsOrgData, IN buffer
Loading service 192: csLsOrgData, OUT buffer
Loading service 193: csLsDlrPabxNl, IN buffer
Loading service 193: csLsDlrPabxNl, OUT buffer
Loading service 194: csLsPabxNoNl, IN buffer
Loading service 194: csLsPabxNoNl, OUT buffer
Loading service 195: csGtLeadNo, IN buffer
Loading service 195: csGtLeadNo, OUT buffer
Loading service 196: csGtSubPbxRng, IN buffer
Loading service 196: csGtSubPbxRng, OUT buffer
Loading service 197: csLsPabxByNl, IN buffer
Loading service 197: csLsPabxByNl, OUT buffer
Loading service 198: csLsOrgPabx, IN buffer
Loading service 198: csLsOrgPabx, OUT buffer
Loading service 199: csLsPabxRng, IN buffer
Loading service 199: csLsPabxRng, OUT buffer
Loading service 200: csLsPabxNl, IN buffer
Loading service 200: csLsPabxNl, OUT buffer
Loading service 201: csGtLastOrgCd, IN buffer
Loading service 201: csGtLastOrgCd, OUT buffer
Loading service 202: csSvOrgData, IN buffer
Loading service 202: csSvOrgData, OUT buffer
Loading service 203: csSvOrgDep, IN buffer
Loading service 203: csSvOrgDep, OUT buffer
Loading service 204: csSvPabxRng, IN buffer
Loading service 204: csSvPabxRng, OUT buffer
Loading service 205: csSvPabxNl, IN buffer
Loading service 205: csSvPabxNl, OUT buffer
Loading service 206: csSvOrgPabx, IN buffer
Loading service 206: csSvOrgPabx, OUT buffer
Loading service 207: csGtLastPbxId, IN buffer
Loading service 207: csGtLastPbxId, OUT buffer
Loading service 208: csChkSubSts, IN buffer
Loading service 208: csChkSubSts, OUT buffer
Starting File 20 - /Users/hakgu/Projects/svn/ninja-tuxedo-generation-hgu/1_v_files/pnm_im_gn_c32_v.v
Loading service 209: pnmImLoad, IN buffer
Loading service 209: pnmImLoad, OUT buffer
Loading service 210: pnmImAuto, IN buffer
Loading service 210: pnmImAuto, OUT buffer
Loading service 211: pnmImPrev, IN buffer
Loading service 211: pnmImPrev, OUT buffer
Loading service 212: pnmImUpd, IN buffer
Loading service 212: pnmImUpd, OUT buffer
Loading service 213: pnmImHist, IN buffer
Loading service 213: pnmImHist, OUT buffer
Loading service 214: pnmImUnLd, IN buffer
Loading service 214: pnmImUnLd, OUT buffer
Loading service 215: pnmImTrsnl, IN buffer
Loading service 215: pnmImTrsnl, OUT buffer
Loading service 216: pnmImAoage, IN buffer
Loading service 216: pnmImAoage, OUT buffer
Loading service 217: pnmImPoage, IN buffer
Loading service 217: pnmImPoage, OUT buffer
Loading service 218: pnmImUoage, IN buffer
Loading service 218: pnmImUoage, OUT buffer
Loading service 219: nmCrNgpNl, IN buffer
Loading service 219: nmCrNgpNl, OUT buffer
Loading service 220: nmUpNgpNl, IN buffer
Loading service 220: nmUpNgpNl, OUT buffer
Loading service 221: nmDlNgpNl, IN buffer
Loading service 221: nmDlNgpNl, OUT buffer
Loading service 222: nmNgpNlLs, IN buffer
Loading service 222: nmNgpNlLs, OUT buffer
Loading service 223: pnmLsNicRl, IN buffer
Loading service 223: pnmLsNicRl, OUT buffer
Loading service 224: pnmHdNicRl, IN buffer
Loading service 224: pnmHdNicRl, OUT buffer
Loading service 225: pnmRsvRlsCtn, IN buffer
Loading service 225: pnmRsvRlsCtn, OUT buffer
Starting File 21 - /Users/hakgu/Projects/svn/ninja-tuxedo-generation-hgu/1_v_files/pcs_multi_activities_c32_v.v
Loading service 226: csMoveMlCtn, IN buffer
Loading service 226: csMoveMlCtn, OUT buffer
Starting File 22 - /Users/hakgu/Projects/svn/ninja-tuxedo-generation-hgu/1_v_files/par_pymarr_c32_v.v
Loading service 227: arGtCurPA, IN buffer
Loading service 227: arGtCurPA, OUT buffer
Loading service 228: arSvPymArng, IN buffer
Loading service 228: arSvPymArng, OUT buffer
Loading service 229: arLsPymArng, IN buffer
Loading service 229: arLsPymArng, OUT buffer
Loading service 230: arCrStReq, IN buffer
Loading service 230: arCrStReq, OUT buffer
Loading service 231: arLsStReq, IN buffer
Loading service 231: arLsStReq, OUT buffer
Loading service 232: arDlStReq, IN buffer
Loading service 232: arDlStReq, OUT buffer
Loading service 233: arISvPymArng, IN buffer
Loading service 233: arISvPymArng, OUT buffer
Loading service 234: arIGtCurPA, IN buffer
Loading service 234: arIGtCurPA, OUT buffer
Loading service 235: arIforPA, IN buffer
Loading service 235: arIforPA, OUT buffer
Loading service 236: arIprtPaCntr, IN buffer
Loading service 236: arIprtPaCntr, OUT buffer
Loading service 237: arIProducePA, IN buffer
Loading service 237: arIProducePA, OUT buffer
Starting File 23 - /Users/hakgu/Projects/svn/ninja-tuxedo-generation-hgu/1_v_files/pcs_ivr_c32_v.v
Loading service 238: csGtIvrBan, IN buffer
Loading service 238: csGtIvrBan, OUT buffer
Loading service 239: csCrIvrFup, IN buffer
Loading service 239: csCrIvrFup, OUT buffer
Loading service 240: csGtIvrUsg, IN buffer
Loading service 240: csGtIvrUsg, OUT buffer
Loading service 241: csGtIvrInf, IN buffer
Loading service 241: csGtIvrInf, OUT buffer
Starting File 24 - /Users/hakgu/Projects/svn/ninja-tuxedo-generation-hgu/1_v_files/pbl_bil_c32_v.v
Loading service 242: blBillLs, IN buffer
Loading service 242: blBillLs, OUT buffer
Loading service 243: blBlCnDtLs, IN buffer
Loading service 243: blBlCnDtLs, OUT buffer
Loading service 244: blBilCrgLs, IN buffer
Loading service 244: blBilCrgLs, OUT buffer
Loading service 245: blBlBanTax, IN buffer
Loading service 245: blBlBanTax, OUT buffer
Loading service 246: blBlCtnTax, IN buffer
Loading service 246: blBlCtnTax, OUT buffer
Loading service 247: blBlChgTax, IN buffer
Loading service 247: blBlChgTax, OUT buffer
Loading service 248: blGtBlimCg, IN buffer
Loading service 248: blGtBlimCg, OUT buffer
Loading service 249: blChkCtn, IN buffer
Loading service 249: blChkCtn, OUT buffer
Loading service 250: blLsPndCrg, IN buffer
Loading service 250: blLsPndCrg, OUT buffer
Loading service 251: blLsPndCrd, IN buffer
Loading service 251: blLsPndCrd, OUT buffer
Loading service 252: blCnCrdCrg, IN buffer
Loading service 252: blCnCrdCrg, OUT buffer
Loading service 253: blGtPrntrLs, IN buffer
Loading service 253: blGtPrntrLs, OUT buffer
Loading service 254: blGtBillDet, IN buffer
Loading service 254: blGtBillDet, OUT buffer
Loading service 255: blLsSubSum, IN buffer
Loading service 255: blLsSubSum, OUT buffer
Loading service 256: blLsDiscSum, IN buffer
Loading service 256: blLsDiscSum, OUT buffer
Loading service 257: blLsDiscSbs, IN buffer
Loading service 257: blLsDiscSbs, OUT buffer
Loading service 258: blLsChgRvn, IN buffer
Loading service 258: blLsChgRvn, OUT buffer
Loading service 259: blLsBillList, IN buffer
Loading service 259: blLsBillList, OUT buffer
Loading service 260: blLsBillProd, IN buffer
Loading service 260: blLsBillProd, OUT buffer
Loading service 261: blLsRcvUtc, IN buffer
Loading service 261: blLsRcvUtc, OUT buffer
Loading service 262: blLsTrnsUtc, IN buffer
Loading service 262: blLsTrnsUtc, OUT buffer
Loading service 263: blLsSbsUtc, IN buffer
Loading service 263: blLsSbsUtc, OUT buffer
Loading service 264: blLsUsagePerf, IN buffer
Loading service 264: blLsUsagePerf, OUT buffer
Loading service 265: blLsCallsDet, IN buffer
Loading service 265: blLsCallsDet, OUT buffer
Loading service 266: blGtChgCrd, IN buffer
Loading service 266: blGtChgCrd, OUT buffer
Loading service 267: blGtChgCrdAll, IN buffer
Loading service 267: blGtChgCrdAll, OUT buffer
Loading service 268: blLsIMNonBndl, IN buffer
Loading service 268: blLsIMNonBndl, OUT buffer
Loading service 269: blLsIMBndl, IN buffer
Loading service 269: blLsIMBndl, OUT buffer
Loading service 270: blLsUBInfo, IN buffer
Loading service 270: blLsUBInfo, OUT buffer
Loading service 271: blLsUBChg, IN buffer
Loading service 271: blLsUBChg, OUT buffer
Loading service 272: blLsSocLoan, IN buffer
Loading service 272: blLsSocLoan, OUT buffer
Loading service 273: blGtBilledChg, IN buffer
Loading service 273: blGtBilledChg, OUT buffer
Loading service 274: blGtCrDbNote, IN buffer
Loading service 274: blGtCrDbNote, OUT buffer
Loading service 275: blGetMoveDate, IN buffer
Loading service 275: blGetMoveDate, OUT buffer
Loading service 276: blCrBodReq, IN buffer
Loading service 276: blCrBodReq, OUT buffer
Loading service 277: blDlBodReq, IN buffer
Loading service 277: blDlBodReq, OUT buffer
Loading service 278: blLstBodReq, IN buffer
Loading service 278: blLstBodReq, OUT buffer
Loading service 279: blLsMnNtReq, IN buffer
Loading service 279: blLsMnNtReq, OUT buffer
Loading service 280: blCrNoteLs, IN buffer
Loading service 280: blCrNoteLs, OUT buffer
Loading service 281: blGtUbAmt, IN buffer
Loading service 281: blGtUbAmt, OUT buffer
Loading service 282: blGtIToKp, IN buffer
Loading service 282: blGtIToKp, OUT buffer
Loading service 283: blSvIKpRls, IN buffer
Loading service 283: blSvIKpRls, OUT buffer
Loading service 284: blGtLtStlLoan, IN buffer
Loading service 284: blGtLtStlLoan, OUT buffer
Loading service 285: blRvrsLoanStl, IN buffer
Loading service 285: blRvrsLoanStl, OUT buffer
Starting File 25 - /Users/hakgu/Projects/svn/ninja-tuxedo-generation-hgu/1_v_files/pcs_prepaid_c32_v.v
Loading service 286: csCrCrdAmt, IN buffer
Loading service 286: csCrCrdAmt, OUT buffer
Loading service 287: csUpNamAdr, IN buffer
Loading service 287: csUpNamAdr, OUT buffer
Loading service 288: csCrRflAmt, IN buffer
Loading service 288: csCrRflAmt, OUT buffer
Starting File 26 - /Users/hakgu/Projects/svn/ninja-tuxedo-generation-hgu/1_v_files/pic_inventory_c32_v.v
Loading service 289: icLsSit, IN buffer
Loading service 289: icLsSit, OUT buffer
Loading service 290: icGtSit, IN buffer
Loading service 290: icGtSit, OUT buffer
Loading service 291: icLsSitHis, IN buffer
Loading service 291: icLsSitHis, OUT buffer
Loading service 292: icLsPoolQt, IN buffer
Loading service 292: icLsPoolQt, OUT buffer
Loading service 293: icGtEsnSts, IN buffer
Loading service 293: icGtEsnSts, OUT buffer
Loading service 294: icLsPack, IN buffer
Loading service 294: icLsPack, OUT buffer
Loading service 295: icPairing, IN buffer
Loading service 295: icPairing, OUT buffer
Loading service 296: icChkReceipt, IN buffer
Loading service 296: icChkReceipt, OUT buffer
Loading service 297: icPreActv, IN buffer
Loading service 297: icPreActv, OUT buffer
Loading service 298: icLsHlrQt, IN buffer
Loading service 298: icLsHlrQt, OUT buffer
Loading service 299: icDeActv, IN buffer
Loading service 299: icDeActv, OUT buffer
Loading service 300: icUpToSusp, IN buffer
Loading service 300: icUpToSusp, OUT buffer
Loading service 301: icInvPurOrd, IN buffer
Loading service 301: icInvPurOrd, OUT buffer
Loading service 302: icPostRcpt, IN buffer
Loading service 302: icPostRcpt, OUT buffer
Loading service 303: icFreeCtn, IN buffer
Loading service 303: icFreeCtn, OUT buffer
Loading service 304: icSndAucPo, IN buffer
Loading service 304: icSndAucPo, OUT buffer
Loading service 305: icGtAucPoSts, IN buffer
Loading service 305: icGtAucPoSts, OUT buffer
Loading service 306: icAdjustIn, IN buffer
Loading service 306: icAdjustIn, OUT buffer
Loading service 307: icAdjustInEn, IN buffer
Loading service 307: icAdjustInEn, OUT buffer
Loading service 308: icObsSIM, IN buffer
Loading service 308: icObsSIM, OUT buffer
Starting File 27 - /Users/hakgu/Projects/svn/ninja-tuxedo-generation-hgu/1_v_files/pgn_test_c32_v.v
Loading service 309: gnLsTest, IN buffer
Loading service 309: gnLsTest, OUT buffer
Loading service 310: gnGtTest, IN buffer
Loading service 310: gnGtTest, OUT buffer
Loading service 311: gnUpTest, IN buffer
Loading service 311: gnUpTest, OUT buffer
Loading service 312: gnLsDcTest, IN buffer
Loading service 312: gnLsDcTest, OUT buffer
Loading service 313: gnGtDcTest, IN buffer
Loading service 313: gnGtDcTest, OUT buffer
Loading service 314: gnUpDcTest, IN buffer
Loading service 314: gnUpDcTest, OUT buffer
Loading service 315: gnLsStTest, IN buffer
Loading service 315: gnLsStTest, OUT buffer
Loading service 316: gnGtStTest, IN buffer
Loading service 316: gnGtStTest, OUT buffer
Loading service 317: gnUpStTest, IN buffer
Loading service 317: gnUpStTest, OUT buffer
Starting File 28 - /Users/hakgu/Projects/svn/ninja-tuxedo-generation-hgu/1_v_files/pcs_pp_c32_v.v
Loading service 318: csGtOcAmt, IN buffer
Loading service 318: csGtOcAmt, OUT buffer
Loading service 319: csLsPpSocs, IN buffer
Loading service 319: csLsPpSocs, OUT buffer
Loading service 320: csLsSocs, IN buffer
Loading service 320: csLsSocs, OUT buffer
Loading service 321: csLsOpSocs, IN buffer
Loading service 321: csLsOpSocs, OUT buffer
Loading service 322: csLsPrSocs, IN buffer
Loading service 322: csLsPrSocs, OUT buffer
Loading service 323: csLsSocRlt, IN buffer
Loading service 323: csLsSocRlt, OUT buffer
Loading service 324: csSocFtrRl, IN buffer
Loading service 324: csSocFtrRl, OUT buffer
Loading service 325: csGtOcSocAmt, IN buffer
Loading service 325: csGtOcSocAmt, OUT buffer
Loading service 326: csGtSplTlFtr, IN buffer
Loading service 326: csGtSplTlFtr, OUT buffer
Loading service 327: csCtnNPPen, IN buffer
Loading service 327: csCtnNPPen, OUT buffer
Starting File 29 - /Users/hakgu/Projects/svn/ninja-tuxedo-generation-hgu/1_v_files/pgn_utils_c32_v.v
Loading service 328: gnGtOraUsr, IN buffer
Loading service 328: gnGtOraUsr, OUT buffer
Loading service 329: gnGtLgclDt, IN buffer
Loading service 329: gnGtLgclDt, OUT buffer
Loading service 330: gnGetNl, IN buffer
Loading service 330: gnGetNl, OUT buffer
Loading service 331: gnGtSystDt, IN buffer
Loading service 331: gnGtSystDt, OUT buffer
Loading service 332: gnBroadCst, IN buffer
Loading service 332: gnBroadCst, OUT buffer
Loading service 333: gnCrUsrSes, IN buffer
Loading service 333: gnCrUsrSes, OUT buffer
Loading service 334: gnSvUsrAct, IN buffer
Loading service 334: gnSvUsrAct, OUT buffer
Loading service 335: gnGtUnixVer, IN buffer
Loading service 335: gnGtUnixVer, OUT buffer
Starting File 30 - /Users/hakgu/Projects/svn/ninja-tuxedo-generation-hgu/1_v_files/par_charge_c32_v.v
Loading service 336: arCrCrg, IN buffer
Loading service 336: arCrCrg, OUT buffer
Loading service 337: arGtOcInfo, IN buffer
Loading service 337: arGtOcInfo, OUT buffer
Loading service 338: arGtManOc, IN buffer
Loading service 338: arGtManOc, OUT buffer
Loading service 339: arDlCrg, IN buffer
Loading service 339: arDlCrg, OUT buffer
Loading service 340: arHndlSocCrg, IN buffer
Loading service 340: arHndlSocCrg, OUT buffer
Starting File 31 - /Users/hakgu/Projects/svn/ninja-tuxedo-generation-hgu/1_v_files/par_banagr_c32_v.v
Loading service 341: arSvBanSvc, IN buffer
Loading service 341: arSvBanSvc, OUT buffer
Loading service 342: arLsBanAgr, IN buffer
Loading service 342: arLsBanAgr, OUT buffer
Loading service 343: arLsBanFtr, IN buffer
Loading service 343: arLsBanFtr, OUT buffer
Loading service 344: arLsDefAgr, IN buffer
Loading service 344: arLsDefAgr, OUT buffer
Loading service 345: arLsDefFtr, IN buffer
Loading service 345: arLsDefFtr, OUT buffer
Loading service 346: arGtFutPP, IN buffer
Loading service 346: arGtFutPP, OUT buffer
Loading service 347: arRmBanSrv, IN buffer
Loading service 347: arRmBanSrv, OUT buffer
Loading service 348: arChkFnfSoc, IN buffer
Loading service 348: arChkFnfSoc, OUT buffer
Loading service 349: arMoveBanLn, IN buffer
Loading service 349: arMoveBanLn, OUT buffer
Starting File 32 - /Users/hakgu/Projects/svn/ninja-tuxedo-generation-hgu/1_v_files/par_ban_c32_v.v
Loading service 350: arInCstBan, IN buffer
Loading service 350: arInCstBan, OUT buffer
Loading service 351: arGtBan, IN buffer
Loading service 351: arGtBan, OUT buffer
Loading service 352: arGtCstBan, IN buffer
Loading service 352: arGtCstBan, OUT buffer
Loading service 353: arUpBan, IN buffer
Loading service 353: arUpBan, OUT buffer
Loading service 354: arUpCstBan, IN buffer
Loading service 354: arUpCstBan, OUT buffer
Loading service 355: arBanBal, IN buffer
Loading service 355: arBanBal, OUT buffer
Loading service 356: arRefund, IN buffer
Loading service 356: arRefund, OUT buffer
Loading service 357: arRfndLs, IN buffer
Loading service 357: arRfndLs, OUT buffer
Loading service 358: arBanDtls, IN buffer
Loading service 358: arBanDtls, OUT buffer
Loading service 359: arRefRev, IN buffer
Loading service 359: arRefRev, OUT buffer
Loading service 360: arGtRfnd, IN buffer
Loading service 360: arGtRfnd, OUT buffer
Loading service 361: arLsBilPrm, IN buffer
Loading service 361: arLsBilPrm, OUT buffer
Loading service 362: arSvBilPrm, IN buffer
Loading service 362: arSvBilPrm, OUT buffer
Loading service 363: arOpenBan, IN buffer
Loading service 363: arOpenBan, OUT buffer
Loading service 364: arGtBanFlg, IN buffer
Loading service 364: arGtBanFlg, OUT buffer
Loading service 365: arUpBanFlg, IN buffer
Loading service 365: arUpBanFlg, OUT buffer
Loading service 366: arGtBanAct, IN buffer
Loading service 366: arGtBanAct, OUT buffer
Loading service 367: arGtBanHdr, IN buffer
Loading service 367: arGtBanHdr, OUT buffer
Loading service 368: arGtCtnBan, IN buffer
Loading service 368: arGtCtnBan, OUT buffer
Loading service 369: arLsBlckLst, IN buffer
Loading service 369: arLsBlckLst, OUT buffer
Loading service 370: arLsDelinq, IN buffer
Loading service 370: arLsDelinq, OUT buffer
Loading service 371: arLsRfnBySts, IN buffer
Loading service 371: arLsRfnBySts, OUT buffer
Loading service 372: arRfnStsChng, IN buffer
Loading service 372: arRfnStsChng, OUT buffer
Loading service 373: arRfnADeAsgn, IN buffer
Loading service 373: arRfnADeAsgn, OUT buffer
Loading service 374: arValAccTp, IN buffer
Loading service 374: arValAccTp, OUT buffer
Loading service 375: arInCstBanTr, IN buffer
Loading service 375: arInCstBanTr, OUT buffer
Starting File 33 - /Users/hakgu/Projects/svn/ninja-tuxedo-generation-hgu/1_v_files/pcs_bg_cdg_c32_v.v
Loading service 376: csBgMnt, IN buffer
Loading service 376: csBgMnt, OUT buffer
Loading service 377: csCdgMnt, IN buffer
Loading service 377: csCdgMnt, OUT buffer
Loading service 378: csLsSrchBg, IN buffer
Loading service 378: csLsSrchBg, OUT buffer
Loading service 379: csLsSrchCdg, IN buffer
Loading service 379: csLsSrchCdg, OUT buffer
Loading service 380: csGtBg, IN buffer
Loading service 380: csGtBg, OUT buffer
Loading service 381: csGtCdg, IN buffer
Loading service 381: csGtCdg, OUT buffer
Loading service 382: csGtNmPln, IN buffer
Loading service 382: csGtNmPln, OUT buffer
Loading service 383: csGtNmCnv, IN buffer
Loading service 383: csGtNmCnv, OUT buffer
Loading service 384: csGtCdgMem, IN buffer
Loading service 384: csGtCdgMem, OUT buffer
Loading service 385: csBgCnvExtr, IN buffer
Loading service 385: csBgCnvExtr, OUT buffer
Loading service 386: csMasSocAct, IN buffer
Loading service 386: csMasSocAct, OUT buffer
Starting File 34 - /Users/hakgu/Projects/svn/ninja-tuxedo-generation-hgu/1_v_files/pgn_ftrtrx_c32_v.v
Loading service 387: gnLsFtrTrx, IN buffer
Loading service 387: gnLsFtrTrx, OUT buffer
Loading service 388: gnFtrCount, IN buffer
Loading service 388: gnFtrCount, OUT buffer
Loading service 389: gnGtFtrTrx, IN buffer
Loading service 389: gnGtFtrTrx, OUT buffer
Loading service 390: gnSvFtrTrx, IN buffer
Loading service 390: gnSvFtrTrx, OUT buffer
Starting File 35 - /Users/hakgu/Projects/svn/ninja-tuxedo-generation-hgu/1_v_files/pcs_srch_c32_v.v
Loading service 391: csSrchSrlNo, IN buffer
Loading service 391: csSrchSrlNo, OUT buffer
Loading service 392: csSrchCtn, IN buffer
Loading service 392: csSrchCtn, OUT buffer
Loading service 393: csLsBnIdNum, IN buffer
Loading service 393: csLsBnIdNum, OUT buffer
Loading service 394: csLsDepBan, IN buffer
Loading service 394: csLsDepBan, OUT buffer
Loading service 395: csLsEca, IN buffer
Loading service 395: csLsEca, OUT buffer
Loading service 396: csSrchBan, IN buffer
Loading service 396: csSrchBan, OUT buffer
Loading service 397: csSrchOdBan, IN buffer
Loading service 397: csSrchOdBan, OUT buffer
Loading service 398: csSrchTMId, IN buffer
Loading service 398: csSrchTMId, OUT buffer
Loading service 399: csSrchCtrNo, IN buffer
Loading service 399: csSrchCtrNo, OUT buffer
Loading service 400: csSrchInvNo, IN buffer
Loading service 400: csSrchInvNo, OUT buffer
Loading service 401: csSrchSplTel, IN buffer
Loading service 401: csSrchSplTel, OUT buffer
Loading service 402: csSrchAgrNo, IN buffer
Loading service 402: csSrchAgrNo, OUT buffer
Loading service 403: csSrchCug, IN buffer
Loading service 403: csSrchCug, OUT buffer
Loading service 404: csLsSubPdp, IN buffer
Loading service 404: csLsSubPdp, OUT buffer
Loading service 405: csSrchImsi, IN buffer
Loading service 405: csSrchImsi, OUT buffer
Loading service 406: csSrchIsp, IN buffer
Loading service 406: csSrchIsp, OUT buffer
Loading service 407: csSrchEAN, IN buffer
Loading service 407: csSrchEAN, OUT buffer
Loading service 408: csSrchAddInfo, IN buffer
Loading service 408: csSrchAddInfo, OUT buffer
Loading service 409: csChkSecNum, IN buffer
Loading service 409: csChkSecNum, OUT buffer
Loading service 410: csLsBnDdag, IN buffer
Loading service 410: csLsBnDdag, OUT buffer
Loading service 411: csSrchExCktId, IN buffer
Loading service 411: csSrchExCktId, OUT buffer
Loading service 412: csSrchInCktId, IN buffer
Loading service 412: csSrchInCktId, OUT buffer
Starting File 36 - /Users/hakgu/Projects/svn/ninja-tuxedo-generation-hgu/1_v_files/pgn_serv_c32_v.v
Loading service 413: gnGtUsers, IN buffer
Loading service 413: gnGtUsers, OUT buffer
Loading service 414: gnGtNamAddr, IN buffer
Loading service 414: gnGtNamAddr, OUT buffer
Loading service 415: gnHandleNum, IN buffer
Loading service 415: gnHandleNum, OUT buffer
Loading service 416: gnCkUnbChg, IN buffer
Loading service 416: gnCkUnbChg, OUT buffer
Starting File 37 - /Users/hakgu/Projects/svn/ninja-tuxedo-generation-hgu/1_v_files/pcs_apifldr_c32_v.v
Loading service 417: csApiBan, IN buffer
Loading service 417: csApiBan, OUT buffer
Starting File 38 - /Users/hakgu/Projects/svn/ninja-tuxedo-generation-hgu/1_v_files/pgn_link_ent_c32_v.v
Loading service 418: gnLsLnkBans, IN buffer
Loading service 418: gnLsLnkBans, OUT buffer
Loading service 419: gnLsLnkSubs, IN buffer
Loading service 419: gnLsLnkSubs, OUT buffer
Loading service 420: gnGtAdNmLnk, IN buffer
Loading service 420: gnGtAdNmLnk, OUT buffer
Loading service 421: gnUpLnkEnt, IN buffer
Loading service 421: gnUpLnkEnt, OUT buffer
Loading service 422: gnGtAdrItm, IN buffer
Loading service 422: gnGtAdrItm, OUT buffer
Loading service 423: gnChkAdrVld, IN buffer
Loading service 423: gnChkAdrVld, OUT buffer
Loading service 424: gnUpNmAdr, IN buffer
Loading service 424: gnUpNmAdr, OUT buffer
Starting File 39 - /Users/hakgu/Projects/svn/ninja-tuxedo-generation-hgu/1_v_files/pcs_msisdn_c32_v.v
Loading service 425: csGtSimNr, IN buffer
Loading service 425: csGtSimNr, OUT buffer
Loading service 426: csLsBanMsis, IN buffer
Loading service 426: csLsBanMsis, OUT buffer
Loading service 427: csGtMsisdn, IN buffer
Loading service 427: csGtMsisdn, OUT buffer
Loading service 428: csLsSimCtn, IN buffer
Loading service 428: csLsSimCtn, OUT buffer
Loading service 429: csLsSimHis, IN buffer
Loading service 429: csLsSimHis, OUT buffer
Loading service 430: csGtMsiInf, IN buffer
Loading service 430: csGtMsiInf, OUT buffer
Loading service 431: csLsPNP, IN buffer
Loading service 431: csLsPNP, OUT buffer
Loading service 432: csGtPNPCnt, IN buffer
Loading service 432: csGtPNPCnt, OUT buffer
Loading service 433: csGtPNPMin, IN buffer
Loading service 433: csGtPNPMin, OUT buffer
Loading service 434: csSvPNP, IN buffer
Loading service 434: csSvPNP, OUT buffer
Loading service 435: csSvCUG, IN buffer
Loading service 435: csSvCUG, OUT buffer
Loading service 436: csGtPNP, IN buffer
Loading service 436: csGtPNP, OUT buffer
Loading service 437: csLsDvcTrx, IN buffer
Loading service 437: csLsDvcTrx, OUT buffer
Loading service 438: csLsSrvTrx, IN buffer
Loading service 438: csLsSrvTrx, OUT buffer
Loading service 439: csGtAvlSim, IN buffer
Loading service 439: csGtAvlSim, OUT buffer
Loading service 440: csVldImeiIU, IN buffer
Loading service 440: csVldImeiIU, OUT buffer
Loading service 441: csVldImei, IN buffer
Loading service 441: csVldImei, OUT buffer
Loading service 442: csGtDumSIM, IN buffer
Loading service 442: csGtDumSIM, OUT buffer
Loading service 443: csAssignRsrc, IN buffer
Loading service 443: csAssignRsrc, OUT buffer
Loading service 444: csGtSubRank, IN buffer
Loading service 444: csGtSubRank, OUT buffer
Loading service 445: csUpSubRank, IN buffer
Loading service 445: csUpSubRank, OUT buffer
Loading service 446: csLsAvlRngs, IN buffer
Loading service 446: csLsAvlRngs, OUT buffer
Starting File 40 - /Users/hakgu/Projects/svn/ninja-tuxedo-generation-hgu/1_v_files/pcs_npctrl_c32_v.v
Loading service 447: csLsNpTrx, IN buffer
Loading service 447: csLsNpTrx, OUT buffer
Loading service 448: csCrNpTrx, IN buffer
Loading service 448: csCrNpTrx, OUT buffer
Loading service 449: csCrNpInfo, IN buffer
Loading service 449: csCrNpInfo, OUT buffer
Loading service 450: csGtNpRlsSub, IN buffer
Loading service 450: csGtNpRlsSub, OUT buffer
Loading service 451: csCrNpCncl, IN buffer
Loading service 451: csCrNpCncl, OUT buffer
Loading service 452: csExpNpTrx, IN buffer
Loading service 452: csExpNpTrx, OUT buffer
Loading service 453: csLsNPRejCtn, IN buffer
Loading service 453: csLsNPRejCtn, OUT buffer
Loading service 454: csUpNpITrx, IN buffer
Loading service 454: csUpNpITrx, OUT buffer
Loading service 455: csGtNpITrx, IN buffer
Loading service 455: csGtNpITrx, OUT buffer
Starting File 41 - /Users/hakgu/Projects/svn/ninja-tuxedo-generation-hgu/1_v_files/pcs_umagrps_c32_v.v
Loading service 456: csLsUMAGrp, IN buffer
Loading service 456: csLsUMAGrp, OUT buffer
Loading service 457: csGtUMAGrp, IN buffer
Loading service 457: csGtUMAGrp, OUT buffer
Loading service 458: csUpdUMAGrp, IN buffer
Loading service 458: csUpdUMAGrp, OUT buffer
Starting File 42 - /Users/hakgu/Projects/svn/ninja-tuxedo-generation-hgu/1_v_files/pcs_ctnaddact_c32_v.v
Loading service 459: csRsCanCtn, IN buffer
Loading service 459: csRsCanCtn, OUT buffer
Loading service 460: csChgCtn, IN buffer
Loading service 460: csChgCtn, OUT buffer
Loading service 461: csMoveCtn, IN buffer
Loading service 461: csMoveCtn, OUT buffer
Loading service 462: csChgOwner, IN buffer
Loading service 462: csChgOwner, OUT buffer
Loading service 463: csMoveRsv, IN buffer
Loading service 463: csMoveRsv, OUT buffer
Loading service 464: csChkCompMv, IN buffer
Loading service 464: csChkCompMv, OUT buffer
Loading service 465: csMoveSusp, IN buffer
Loading service 465: csMoveSusp, OUT buffer
Loading service 466: csMoveCan, IN buffer
Loading service 466: csMoveCan, OUT buffer
Loading service 467: csMlRsCanCtn, IN buffer
Loading service 467: csMlRsCanCtn, OUT buffer
Loading service 468: csLsRsAsPreEr, IN buffer
Loading service 468: csLsRsAsPreEr, OUT buffer
Loading service 469: csMoveSubLn, IN buffer
Loading service 469: csMoveSubLn, OUT buffer
Loading service 470: csLsPrdChgEr, IN buffer
Loading service 470: csLsPrdChgEr, OUT buffer
Loading service 471: csMlChgPrd, IN buffer
Loading service 471: csMlChgPrd, OUT buffer
Starting File 43 - /Users/hakgu/Projects/svn/ninja-tuxedo-generation-hgu/1_v_files/pcs_cw_sus_c32_v.v
Loading service 472: csCwSuspSub, IN buffer
Loading service 472: csCwSuspSub, OUT buffer
Starting File 44 - /Users/hakgu/Projects/svn/ninja-tuxedo-generation-hgu/1_v_files/pif_crd_valid_c32_v.v
Loading service 473: ifChkCrdEvReq, IN buffer
Loading service 473: ifChkCrdEvReq, OUT buffer
Loading service 474: ifGtCasDtl, IN buffer
Loading service 474: ifGtCasDtl, OUT buffer
Loading service 475: ifUpCrdt, IN buffer
Loading service 475: ifUpCrdt, OUT buffer
Loading service 476: ifDlCrdEvReq, IN buffer
Loading service 476: ifDlCrdEvReq, OUT buffer
Loading service 477: ifLsCrdEvReq, IN buffer
Loading service 477: ifLsCrdEvReq, OUT buffer
Starting File 45 - /Users/hakgu/Projects/svn/ninja-tuxedo-generation-hgu/1_v_files/pcs_frndfml_c32_v.v
Loading service 478: csLsFandF, IN buffer
Loading service 478: csLsFandF, OUT buffer
Loading service 479: csSvFandF, IN buffer
Loading service 479: csSvFandF, OUT buffer
Loading service 480: csValFandFLst, IN buffer
Loading service 480: csValFandFLst, OUT buffer
Loading service 481: csGtFNFBan, IN buffer
Loading service 481: csGtFNFBan, OUT buffer
Loading service 482: csSvFNFBan, IN buffer
Loading service 482: csSvFNFBan, OUT buffer
Loading service 483: csGtFNFCnt, IN buffer
Loading service 483: csGtFNFCnt, OUT buffer
Loading service 484: csValFnFRng, IN buffer
Loading service 484: csValFnFRng, OUT buffer
Starting File 46 - /Users/hakgu/Projects/svn/ninja-tuxedo-generation-hgu/1_v_files/pcs_ole_c32_v.v
Loading service 485: csGtBanOle, IN buffer
Loading service 485: csGtBanOle, OUT buffer
Loading service 486: csGtMsisdnOle, IN buffer
Loading service 486: csGtMsisdnOle, OUT buffer
Loading service 487: csGtSimOle, IN buffer
Loading service 487: csGtSimOle, OUT buffer
Loading service 488: csGtImsiOle, IN buffer
Loading service 488: csGtImsiOle, OUT buffer
Loading service 489: csEnvInBan, IN buffer
Loading service 489: csEnvInBan, OUT buffer
Starting File 47 - /Users/hakgu/Projects/svn/ninja-tuxedo-generation-hgu/1_v_files/pcs_cv_request_c32_v.v
Loading service 490: csCrdEvReq, IN buffer
Loading service 490: csCrdEvReq, OUT buffer
Loading service 491: csUpCrdt, IN buffer
Loading service 491: csUpCrdt, OUT buffer
Loading service 492: csUpSndReq, IN buffer
Loading service 492: csUpSndReq, OUT buffer
Starting File 48 - /Users/hakgu/Projects/svn/ninja-tuxedo-generation-hgu/1_v_files/pic_item_c32_v.v
Loading service 493: icItemAvl, IN buffer
Loading service 493: icItemAvl, OUT buffer
Loading service 494: icGtItmDtl, IN buffer
Loading service 494: icGtItmDtl, OUT buffer
Loading service 495: icLsItmPrc, IN buffer
Loading service 495: icLsItmPrc, OUT buffer
Loading service 496: icLsItmSal, IN buffer
Loading service 496: icLsItmSal, OUT buffer
Loading service 497: icGtItmDef, IN buffer
Loading service 497: icGtItmDef, OUT buffer
Loading service 498: icLsItmVnd, IN buffer
Loading service 498: icLsItmVnd, OUT buffer
Loading service 499: icLsWhItms, IN buffer
Loading service 499: icLsWhItms, OUT buffer
Loading service 500: icLsItmDtl, IN buffer
Loading service 500: icLsItmDtl, OUT buffer
Starting File 49 - /Users/hakgu/Projects/svn/ninja-tuxedo-generation-hgu/1_v_files/pcv_fldrsvc_c32_v.v
Loading service 501: cvStart, IN buffer
Loading service 501: cvStart, OUT buffer
Loading service 502: cvCommit, IN buffer
Loading service 502: cvCommit, OUT buffer
Loading service 503: cvRollback, IN buffer
Loading service 503: cvRollback, OUT buffer
Loading service 504: cvSvBan, IN buffer
Loading service 504: cvSvBan, OUT buffer
Loading service 505: cvSvNmAdr, IN buffer
Loading service 505: cvSvNmAdr, OUT buffer
Loading service 506: cvSvCtn, IN buffer
Loading service 506: cvSvCtn, OUT buffer
Loading service 507: cvSvEsn, IN buffer
Loading service 507: cvSvEsn, OUT buffer
Loading service 508: cvSvCtnAgr, IN buffer
Loading service 508: cvSvCtnAgr, OUT buffer
Loading service 509: cvSideEffect, IN buffer
Loading service 509: cvSideEffect, OUT buffer
Starting File 50 - /Users/hakgu/Projects/svn/ninja-tuxedo-generation-hgu/1_v_files/par_addaract_c32_v.v
Loading service 510: arCrDdReq, IN buffer
Loading service 510: arCrDdReq, OUT buffer
Loading service 511: arDlDdReq, IN buffer
Loading service 511: arDlDdReq, OUT buffer
Loading service 512: arChDdReq, IN buffer
Loading service 512: arChDdReq, OUT buffer
Loading service 513: arUpUndBck, IN buffer
Loading service 513: arUpUndBck, OUT buffer
Loading service 514: arLsDrDbRq, IN buffer
Loading service 514: arLsDrDbRq, OUT buffer
Loading service 515: arGtpymMtd, IN buffer
Loading service 515: arGtpymMtd, OUT buffer
Loading service 516: arUpPymMtd, IN buffer
Loading service 516: arUpPymMtd, OUT buffer
Starting File 51 - /Users/hakgu/Projects/svn/ninja-tuxedo-generation-hgu/1_v_files/pcs_ctn_c32_v.v
Loading service 517: csInCtn, IN buffer
Loading service 517: csInCtn, OUT buffer
Loading service 518: csUpCtn, IN buffer
Loading service 518: csUpCtn, OUT buffer
Loading service 519: csUpCtnSt, IN buffer
Loading service 519: csUpCtnSt, OUT buffer
Loading service 520: csGtCtn, IN buffer
Loading service 520: csGtCtn, OUT buffer
Loading service 521: csGtCtnInv, IN buffer
Loading service 521: csGtCtnInv, OUT buffer
Loading service 522: csLsBanCtn, IN buffer
Loading service 522: csLsBanCtn, OUT buffer
Loading service 523: csGetCtnNm, IN buffer
Loading service 523: csGetCtnNm, OUT buffer
Loading service 524: csLsSrvAgr, IN buffer
Loading service 524: csLsSrvAgr, OUT buffer
Loading service 525: csLsSrvFtr, IN buffer
Loading service 525: csLsSrvFtr, OUT buffer
Loading service 526: csLsCtnEsn, IN buffer
Loading service 526: csLsCtnEsn, OUT buffer
Loading service 527: csCtnClInf, IN buffer
Loading service 527: csCtnClInf, OUT buffer
Loading service 528: csCtnStCnt, IN buffer
Loading service 528: csCtnStCnt, OUT buffer
Loading service 529: csRsvCtn, IN buffer
Loading service 529: csRsvCtn, OUT buffer
Loading service 530: csRelsCtn, IN buffer
Loading service 530: csRelsCtn, OUT buffer
Loading service 531: csGtLstBan, IN buffer
Loading service 531: csGtLstBan, OUT buffer
Loading service 532: csRsClInf, IN buffer
Loading service 532: csRsClInf, OUT buffer
Loading service 533: csChkEsn, IN buffer
Loading service 533: csChkEsn, OUT buffer
Loading service 534: csCkCtnEx, IN buffer
Loading service 534: csCkCtnEx, OUT buffer
Loading service 535: csGtOneCtn, IN buffer
Loading service 535: csGtOneCtn, OUT buffer
Loading service 536: csGtStsDate, IN buffer
Loading service 536: csGtStsDate, OUT buffer
Loading service 537: csGtActvDate, IN buffer
Loading service 537: csGtActvDate, OUT buffer
Loading service 538: csGtPrevPp, IN buffer
Loading service 538: csGtPrevPp, OUT buffer
Loading service 539: csCntRenwl, IN buffer
Loading service 539: csCntRenwl, OUT buffer
Loading service 540: csGtSrvFtr, IN buffer
Loading service 540: csGtSrvFtr, OUT buffer
Loading service 541: csLsCtnLu, IN buffer
Loading service 541: csLsCtnLu, OUT buffer
Loading service 542: csChkCntrNo, IN buffer
Loading service 542: csChkCntrNo, OUT buffer
Loading service 543: csChkSubNo, IN buffer
Loading service 543: csChkSubNo, OUT buffer
Loading service 544: csSvCrdWch, IN buffer
Loading service 544: csSvCrdWch, OUT buffer
Loading service 545: csChkValImp, IN buffer
Loading service 545: csChkValImp, OUT buffer
Loading service 546: csGetAvgAmt, IN buffer
Loading service 546: csGetAvgAmt, OUT buffer
Loading service 547: csGetNpInfo, IN buffer
Loading service 547: csGetNpInfo, OUT buffer
Loading service 548: csGtWrkDate, IN buffer
Loading service 548: csGtWrkDate, OUT buffer
Loading service 549: csLastNpInfo, IN buffer
Loading service 549: csLastNpInfo, OUT buffer
Loading service 550: csGtBindPnlt, IN buffer
Loading service 550: csGtBindPnlt, OUT buffer
Loading service 551: csChkMulti, IN buffer
Loading service 551: csChkMulti, OUT buffer
Loading service 552: csGtMnlRcInfo, IN buffer
Loading service 552: csGtMnlRcInfo, OUT buffer
Loading service 553: csGtIspData, IN buffer
Loading service 553: csGtIspData, OUT buffer
Loading service 554: csChkIsp, IN buffer
Loading service 554: csChkIsp, OUT buffer
Loading service 555: csVldPrmLmt, IN buffer
Loading service 555: csVldPrmLmt, OUT buffer
Loading service 556: csChkIntPort, IN buffer
Loading service 556: csChkIntPort, OUT buffer
Loading service 557: csCtnClInfBuf, IN buffer
Loading service 557: csCtnClInfBuf, OUT buffer
Loading service 558: csGtMBL, IN buffer
Loading service 558: csGtMBL, OUT buffer
Loading service 559: csSvMBL, IN buffer
Loading service 559: csSvMBL, OUT buffer
Starting File 52 - /Users/hakgu/Projects/svn/ninja-tuxedo-generation-hgu/1_v_files/par_disc_c32_v.v
Loading service 560: arLsFeeWa, IN buffer
Loading service 560: arLsFeeWa, OUT buffer
Loading service 561: arUpFeeWa, IN buffer
Loading service 561: arUpFeeWa, OUT buffer
Loading service 562: arLsDisc, IN buffer
Loading service 562: arLsDisc, OUT buffer
Loading service 563: arSvDisc, IN buffer
Loading service 563: arSvDisc, OUT buffer
Loading service 564: arGtFeeWa, IN buffer
Loading service 564: arGtFeeWa, OUT buffer
Total execution time: 756461 ms
